mode: set
github.com/ismail118/simple-bank/token/jwt_maker.go:18.51,19.39 1 1
github.com/ismail118/simple-bank/token/jwt_maker.go:23.2,23.45 1 1
github.com/ismail118/simple-bank/token/jwt_maker.go:19.39,21.3 1 0
github.com/ismail118/simple-bank/token/jwt_maker.go:26.99,28.16 2 1
github.com/ismail118/simple-bank/token/jwt_maker.go:32.2,35.16 3 1
github.com/ismail118/simple-bank/token/jwt_maker.go:39.2,39.28 1 1
github.com/ismail118/simple-bank/token/jwt_maker.go:28.16,30.3 1 0
github.com/ismail118/simple-bank/token/jwt_maker.go:35.16,37.3 1 0
github.com/ismail118/simple-bank/token/jwt_maker.go:42.64,43.55 1 1
github.com/ismail118/simple-bank/token/jwt_maker.go:52.2,53.16 2 1
github.com/ismail118/simple-bank/token/jwt_maker.go:60.2,61.9 2 1
github.com/ismail118/simple-bank/token/jwt_maker.go:65.2,65.21 1 1
github.com/ismail118/simple-bank/token/jwt_maker.go:43.55,45.10 2 1
github.com/ismail118/simple-bank/token/jwt_maker.go:49.3,49.34 1 1
github.com/ismail118/simple-bank/token/jwt_maker.go:45.10,47.4 1 1
github.com/ismail118/simple-bank/token/jwt_maker.go:53.16,54.61 1 1
github.com/ismail118/simple-bank/token/jwt_maker.go:57.3,57.30 1 1
github.com/ismail118/simple-bank/token/jwt_maker.go:54.61,56.4 1 1
github.com/ismail118/simple-bank/token/jwt_maker.go:61.9,63.3 1 0
github.com/ismail118/simple-bank/token/paseto_maker.go:16.57,17.51 1 1
github.com/ismail118/simple-bank/token/paseto_maker.go:21.2,26.19 2 1
github.com/ismail118/simple-bank/token/paseto_maker.go:17.51,19.3 1 0
github.com/ismail118/simple-bank/token/paseto_maker.go:29.102,31.16 2 1
github.com/ismail118/simple-bank/token/paseto_maker.go:35.2,36.16 2 1
github.com/ismail118/simple-bank/token/paseto_maker.go:40.2,40.28 1 1
github.com/ismail118/simple-bank/token/paseto_maker.go:31.16,33.3 1 0
github.com/ismail118/simple-bank/token/paseto_maker.go:36.16,38.3 1 0
github.com/ismail118/simple-bank/token/paseto_maker.go:43.67,47.16 3 1
github.com/ismail118/simple-bank/token/paseto_maker.go:51.2,52.16 2 1
github.com/ismail118/simple-bank/token/paseto_maker.go:56.2,56.21 1 1
github.com/ismail118/simple-bank/token/paseto_maker.go:47.16,49.3 1 1
github.com/ismail118/simple-bank/token/paseto_maker.go:52.16,54.3 1 1
github.com/ismail118/simple-bank/token/payload.go:25.76,27.16 2 1
github.com/ismail118/simple-bank/token/payload.go:31.2,38.22 2 1
github.com/ismail118/simple-bank/token/payload.go:27.16,29.3 1 0
github.com/ismail118/simple-bank/token/payload.go:41.36,42.35 1 1
github.com/ismail118/simple-bank/token/payload.go:46.2,46.12 1 1
github.com/ismail118/simple-bank/token/payload.go:42.35,44.3 1 1
github.com/ismail118/simple-bank/mail/sender.go:24.97,30.2 1 1
github.com/ismail118/simple-bank/mail/sender.go:32.133,41.32 8 1
github.com/ismail118/simple-bank/mail/sender.go:48.2,50.16 3 1
github.com/ismail118/simple-bank/mail/sender.go:54.2,54.12 1 0
github.com/ismail118/simple-bank/mail/sender.go:41.32,43.17 2 1
github.com/ismail118/simple-bank/mail/sender.go:43.17,45.4 1 0
github.com/ismail118/simple-bank/mail/sender.go:50.16,52.3 1 1
github.com/ismail118/simple-bank/api/server.go:25.10,37.2 3 1
github.com/ismail118/simple-bank/api/server.go:39.37,41.2 1 1
github.com/ismail118/simple-bank/api/server.go:43.43,45.2 1 0
github.com/ismail118/simple-bank/api/server.go:47.37,77.2 20 1
github.com/ismail118/simple-bank/api/api.go:21.50,24.16 3 1
github.com/ismail118/simple-bank/api/api.go:30.2,39.16 4 1
github.com/ismail118/simple-bank/api/api.go:43.2,43.25 1 1
github.com/ismail118/simple-bank/api/api.go:48.2,49.16 2 1
github.com/ismail118/simple-bank/api/api.go:54.2,54.14 1 1
github.com/ismail118/simple-bank/api/api.go:59.2,60.16 2 1
github.com/ismail118/simple-bank/api/api.go:64.2,66.36 2 1
github.com/ismail118/simple-bank/api/api.go:24.16,27.3 2 1
github.com/ismail118/simple-bank/api/api.go:39.16,42.3 2 0
github.com/ismail118/simple-bank/api/api.go:43.25,46.3 2 0
github.com/ismail118/simple-bank/api/api.go:49.16,52.3 2 0
github.com/ismail118/simple-bank/api/api.go:54.14,57.3 2 0
github.com/ismail118/simple-bank/api/api.go:60.16,63.3 2 0
github.com/ismail118/simple-bank/api/api.go:73.47,77.16 3 1
github.com/ismail118/simple-bank/api/api.go:82.2,83.16 2 1
github.com/ismail118/simple-bank/api/api.go:87.2,87.16 1 1
github.com/ismail118/simple-bank/api/api.go:93.2,94.39 2 1
github.com/ismail118/simple-bank/api/api.go:100.2,100.36 1 1
github.com/ismail118/simple-bank/api/api.go:77.16,80.3 2 1
github.com/ismail118/simple-bank/api/api.go:83.16,86.3 2 1
github.com/ismail118/simple-bank/api/api.go:87.16,90.3 2 1
github.com/ismail118/simple-bank/api/api.go:94.39,98.3 3 0
github.com/ismail118/simple-bank/api/api.go:108.49,112.16 3 1
github.com/ismail118/simple-bank/api/api.go:117.2,124.16 3 1
github.com/ismail118/simple-bank/api/api.go:129.2,129.41 1 1
github.com/ismail118/simple-bank/api/api.go:112.16,115.3 2 1
github.com/ismail118/simple-bank/api/api.go:124.16,127.3 2 1
github.com/ismail118/simple-bank/api/api.go:138.50,142.16 3 1
github.com/ismail118/simple-bank/api/api.go:147.2,148.16 2 1
github.com/ismail118/simple-bank/api/api.go:152.2,152.20 1 1
github.com/ismail118/simple-bank/api/api.go:158.2,159.43 2 1
github.com/ismail118/simple-bank/api/api.go:165.2,169.16 4 1
github.com/ismail118/simple-bank/api/api.go:174.2,174.40 1 1
github.com/ismail118/simple-bank/api/api.go:142.16,145.3 2 1
github.com/ismail118/simple-bank/api/api.go:148.16,151.3 2 1
github.com/ismail118/simple-bank/api/api.go:152.20,155.3 2 1
github.com/ismail118/simple-bank/api/api.go:159.43,163.3 3 0
github.com/ismail118/simple-bank/api/api.go:169.16,172.3 2 1
github.com/ismail118/simple-bank/api/api.go:177.50,181.16 3 1
github.com/ismail118/simple-bank/api/api.go:186.2,187.16 2 1
github.com/ismail118/simple-bank/api/api.go:191.2,191.20 1 1
github.com/ismail118/simple-bank/api/api.go:197.2,198.43 2 1
github.com/ismail118/simple-bank/api/api.go:204.2,205.16 2 1
github.com/ismail118/simple-bank/api/api.go:210.2,210.57 1 1
github.com/ismail118/simple-bank/api/api.go:181.16,184.3 2 1
github.com/ismail118/simple-bank/api/api.go:187.16,190.3 2 1
github.com/ismail118/simple-bank/api/api.go:191.20,194.3 2 1
github.com/ismail118/simple-bank/api/api.go:198.43,202.3 3 0
github.com/ismail118/simple-bank/api/api.go:205.16,208.3 2 1
github.com/ismail118/simple-bank/api/api.go:213.45,217.16 3 1
github.com/ismail118/simple-bank/api/api.go:222.2,223.16 2 1
github.com/ismail118/simple-bank/api/api.go:228.2,228.18 1 1
github.com/ismail118/simple-bank/api/api.go:233.2,234.16 2 1
github.com/ismail118/simple-bank/api/api.go:240.2,241.43 2 1
github.com/ismail118/simple-bank/api/api.go:247.2,247.38 1 1
github.com/ismail118/simple-bank/api/api.go:217.16,220.3 2 1
github.com/ismail118/simple-bank/api/api.go:223.16,226.3 2 1
github.com/ismail118/simple-bank/api/api.go:228.18,231.3 2 1
github.com/ismail118/simple-bank/api/api.go:234.16,237.3 2 0
github.com/ismail118/simple-bank/api/api.go:241.43,245.3 3 0
github.com/ismail118/simple-bank/api/api.go:256.48,260.16 3 1
github.com/ismail118/simple-bank/api/api.go:265.2,266.16 2 1
github.com/ismail118/simple-bank/api/api.go:272.2,273.43 2 1
github.com/ismail118/simple-bank/api/api.go:279.2,284.16 2 1
github.com/ismail118/simple-bank/api/api.go:289.2,289.40 1 1
github.com/ismail118/simple-bank/api/api.go:260.16,263.3 2 1
github.com/ismail118/simple-bank/api/api.go:266.16,269.3 2 0
github.com/ismail118/simple-bank/api/api.go:273.43,277.3 3 0
github.com/ismail118/simple-bank/api/api.go:284.16,287.3 2 1
github.com/ismail118/simple-bank/api/api.go:292.48,296.16 3 1
github.com/ismail118/simple-bank/api/api.go:301.2,302.16 2 1
github.com/ismail118/simple-bank/api/api.go:307.2,307.21 1 1
github.com/ismail118/simple-bank/api/api.go:312.2,313.16 2 1
github.com/ismail118/simple-bank/api/api.go:318.2,319.16 2 1
github.com/ismail118/simple-bank/api/api.go:325.2,326.90 2 1
github.com/ismail118/simple-bank/api/api.go:332.2,332.41 1 1
github.com/ismail118/simple-bank/api/api.go:296.16,299.3 2 1
github.com/ismail118/simple-bank/api/api.go:302.16,305.3 2 1
github.com/ismail118/simple-bank/api/api.go:307.21,310.3 2 1
github.com/ismail118/simple-bank/api/api.go:313.16,316.3 2 0
github.com/ismail118/simple-bank/api/api.go:319.16,322.3 2 0
github.com/ismail118/simple-bank/api/api.go:326.90,330.3 3 0
github.com/ismail118/simple-bank/api/api.go:342.49,346.16 3 1
github.com/ismail118/simple-bank/api/api.go:351.2,352.16 2 1
github.com/ismail118/simple-bank/api/api.go:357.2,358.16 2 1
github.com/ismail118/simple-bank/api/api.go:364.2,365.90 2 1
github.com/ismail118/simple-bank/api/api.go:371.2,377.16 2 1
github.com/ismail118/simple-bank/api/api.go:382.2,382.42 1 1
github.com/ismail118/simple-bank/api/api.go:346.16,349.3 2 1
github.com/ismail118/simple-bank/api/api.go:352.16,355.3 2 0
github.com/ismail118/simple-bank/api/api.go:358.16,361.3 2 0
github.com/ismail118/simple-bank/api/api.go:365.90,369.3 3 0
github.com/ismail118/simple-bank/api/api.go:377.16,380.3 2 1
github.com/ismail118/simple-bank/api/api.go:392.45,395.16 3 1
github.com/ismail118/simple-bank/api/api.go:400.2,401.16 2 1
github.com/ismail118/simple-bank/api/api.go:405.2,405.21 1 1
github.com/ismail118/simple-bank/api/api.go:409.2,409.39 1 1
github.com/ismail118/simple-bank/api/api.go:414.2,415.16 2 1
github.com/ismail118/simple-bank/api/api.go:419.2,419.21 1 1
github.com/ismail118/simple-bank/api/api.go:423.2,423.39 1 1
github.com/ismail118/simple-bank/api/api.go:429.2,430.44 2 1
github.com/ismail118/simple-bank/api/api.go:436.2,442.16 3 1
github.com/ismail118/simple-bank/api/api.go:447.2,447.36 1 1
github.com/ismail118/simple-bank/api/api.go:395.16,398.3 2 1
github.com/ismail118/simple-bank/api/api.go:401.16,404.3 2 1
github.com/ismail118/simple-bank/api/api.go:405.21,408.3 2 0
github.com/ismail118/simple-bank/api/api.go:409.39,412.3 2 0
github.com/ismail118/simple-bank/api/api.go:415.16,418.3 2 1
github.com/ismail118/simple-bank/api/api.go:419.21,422.3 2 0
github.com/ismail118/simple-bank/api/api.go:423.39,426.3 2 0
github.com/ismail118/simple-bank/api/api.go:430.44,434.3 3 0
github.com/ismail118/simple-bank/api/api.go:442.16,445.3 2 0
github.com/ismail118/simple-bank/api/api.go:457.47,460.16 3 1
github.com/ismail118/simple-bank/api/api.go:465.2,466.16 2 1
github.com/ismail118/simple-bank/api/api.go:470.2,478.16 3 1
github.com/ismail118/simple-bank/api/api.go:482.2,482.22 1 1
github.com/ismail118/simple-bank/api/api.go:487.2,488.16 2 1
github.com/ismail118/simple-bank/api/api.go:492.2,492.22 1 1
github.com/ismail118/simple-bank/api/api.go:497.2,498.16 2 1
github.com/ismail118/simple-bank/api/api.go:503.2,504.16 2 1
github.com/ismail118/simple-bank/api/api.go:509.2,509.34 1 1
github.com/ismail118/simple-bank/api/api.go:460.16,463.3 2 0
github.com/ismail118/simple-bank/api/api.go:466.16,469.3 2 0
github.com/ismail118/simple-bank/api/api.go:478.16,481.3 2 0
github.com/ismail118/simple-bank/api/api.go:482.22,485.3 2 0
github.com/ismail118/simple-bank/api/api.go:488.16,491.3 2 0
github.com/ismail118/simple-bank/api/api.go:492.22,495.3 2 0
github.com/ismail118/simple-bank/api/api.go:498.16,501.3 2 0
github.com/ismail118/simple-bank/api/api.go:504.16,507.3 2 0
github.com/ismail118/simple-bank/api/api.go:516.45,520.16 3 1
github.com/ismail118/simple-bank/api/api.go:525.2,526.16 2 1
github.com/ismail118/simple-bank/api/api.go:530.2,530.25 1 1
github.com/ismail118/simple-bank/api/api.go:536.2,537.39 2 1
github.com/ismail118/simple-bank/api/api.go:543.2,543.37 1 1
github.com/ismail118/simple-bank/api/api.go:520.16,523.3 2 0
github.com/ismail118/simple-bank/api/api.go:526.16,529.3 2 0
github.com/ismail118/simple-bank/api/api.go:530.25,533.3 2 1
github.com/ismail118/simple-bank/api/api.go:537.39,541.3 3 0
github.com/ismail118/simple-bank/api/api.go:546.46,550.16 3 1
github.com/ismail118/simple-bank/api/api.go:555.2,559.16 2 1
github.com/ismail118/simple-bank/api/api.go:564.2,564.38 1 1
github.com/ismail118/simple-bank/api/api.go:550.16,553.3 2 1
github.com/ismail118/simple-bank/api/api.go:559.16,562.3 2 1
github.com/ismail118/simple-bank/api/api.go:573.48,577.16 3 1
github.com/ismail118/simple-bank/api/api.go:582.2,583.16 2 1
github.com/ismail118/simple-bank/api/api.go:587.2,587.25 1 1
github.com/ismail118/simple-bank/api/api.go:592.2,592.29 1 1
github.com/ismail118/simple-bank/api/api.go:605.2,606.39 2 1
github.com/ismail118/simple-bank/api/api.go:612.2,620.16 4 1
github.com/ismail118/simple-bank/api/api.go:625.2,625.36 1 1
github.com/ismail118/simple-bank/api/api.go:577.16,580.3 2 1
github.com/ismail118/simple-bank/api/api.go:583.16,586.3 2 0
github.com/ismail118/simple-bank/api/api.go:587.25,590.3 2 0
github.com/ismail118/simple-bank/api/api.go:592.29,594.17 2 1
github.com/ismail118/simple-bank/api/api.go:598.3,598.23 1 1
github.com/ismail118/simple-bank/api/api.go:594.17,597.4 2 0
github.com/ismail118/simple-bank/api/api.go:598.23,601.4 2 0
github.com/ismail118/simple-bank/api/api.go:606.39,610.3 3 0
github.com/ismail118/simple-bank/api/api.go:620.16,623.3 2 0
github.com/ismail118/simple-bank/api/api.go:628.48,632.16 3 1
github.com/ismail118/simple-bank/api/api.go:637.2,638.16 2 1
github.com/ismail118/simple-bank/api/api.go:642.2,642.25 1 1
github.com/ismail118/simple-bank/api/api.go:647.2,648.39 2 1
github.com/ismail118/simple-bank/api/api.go:654.2,655.16 2 1
github.com/ismail118/simple-bank/api/api.go:660.2,660.55 1 1
github.com/ismail118/simple-bank/api/api.go:632.16,635.3 2 0
github.com/ismail118/simple-bank/api/api.go:638.16,641.3 2 0
github.com/ismail118/simple-bank/api/api.go:642.25,645.3 2 1
github.com/ismail118/simple-bank/api/api.go:648.39,652.3 3 0
github.com/ismail118/simple-bank/api/api.go:655.16,658.3 2 0
github.com/ismail118/simple-bank/api/api.go:677.46,681.16 3 0
github.com/ismail118/simple-bank/api/api.go:686.2,687.16 2 0
github.com/ismail118/simple-bank/api/api.go:691.2,691.25 1 0
github.com/ismail118/simple-bank/api/api.go:696.2,697.16 2 0
github.com/ismail118/simple-bank/api/api.go:702.2,703.16 2 0
github.com/ismail118/simple-bank/api/api.go:708.2,709.16 2 0
github.com/ismail118/simple-bank/api/api.go:714.2,725.16 3 0
github.com/ismail118/simple-bank/api/api.go:730.2,739.37 2 0
github.com/ismail118/simple-bank/api/api.go:681.16,684.3 2 0
github.com/ismail118/simple-bank/api/api.go:687.16,690.3 2 0
github.com/ismail118/simple-bank/api/api.go:691.25,694.3 2 0
github.com/ismail118/simple-bank/api/api.go:697.16,700.3 2 0
github.com/ismail118/simple-bank/api/api.go:703.16,706.3 2 0
github.com/ismail118/simple-bank/api/api.go:709.16,712.3 2 0
github.com/ismail118/simple-bank/api/api.go:725.16,728.3 2 0
github.com/ismail118/simple-bank/api/api.go:751.53,755.16 3 0
github.com/ismail118/simple-bank/api/api.go:760.2,761.16 2 0
github.com/ismail118/simple-bank/api/api.go:766.2,767.16 2 0
github.com/ismail118/simple-bank/api/api.go:771.2,771.32 1 0
github.com/ismail118/simple-bank/api/api.go:777.2,777.23 1 0
github.com/ismail118/simple-bank/api/api.go:783.2,783.49 1 0
github.com/ismail118/simple-bank/api/api.go:789.2,789.46 1 0
github.com/ismail118/simple-bank/api/api.go:795.2,795.41 1 0
github.com/ismail118/simple-bank/api/api.go:801.2,802.16 2 0
github.com/ismail118/simple-bank/api/api.go:807.2,812.37 2 0
github.com/ismail118/simple-bank/api/api.go:755.16,758.3 2 0
github.com/ismail118/simple-bank/api/api.go:761.16,764.3 2 0
github.com/ismail118/simple-bank/api/api.go:767.16,770.3 2 0
github.com/ismail118/simple-bank/api/api.go:771.32,775.3 3 0
github.com/ismail118/simple-bank/api/api.go:777.23,781.3 3 0
github.com/ismail118/simple-bank/api/api.go:783.49,787.3 3 0
github.com/ismail118/simple-bank/api/api.go:789.46,793.3 3 0
github.com/ismail118/simple-bank/api/api.go:795.41,799.3 3 0
github.com/ismail118/simple-bank/api/api.go:802.16,805.3 2 0
github.com/ismail118/simple-bank/api/grpc.go:38.15,48.2 2 1
github.com/ismail118/simple-bank/api/grpc.go:50.113,53.23 2 1
github.com/ismail118/simple-bank/api/grpc.go:57.2,58.16 2 1
github.com/ismail118/simple-bank/api/grpc.go:61.2,61.22 1 1
github.com/ismail118/simple-bank/api/grpc.go:65.2,66.16 2 1
github.com/ismail118/simple-bank/api/grpc.go:69.2,69.22 1 1
github.com/ismail118/simple-bank/api/grpc.go:73.2,74.16 2 1
github.com/ismail118/simple-bank/api/grpc.go:77.2,84.79 2 1
github.com/ismail118/simple-bank/api/grpc.go:104.2,104.16 1 1
github.com/ismail118/simple-bank/api/grpc.go:108.2,110.8 1 1
github.com/ismail118/simple-bank/api/grpc.go:53.23,55.3 1 1
github.com/ismail118/simple-bank/api/grpc.go:58.16,60.3 1 0
github.com/ismail118/simple-bank/api/grpc.go:61.22,63.3 1 1
github.com/ismail118/simple-bank/api/grpc.go:66.16,68.3 1 0
github.com/ismail118/simple-bank/api/grpc.go:69.22,71.3 1 1
github.com/ismail118/simple-bank/api/grpc.go:74.16,76.3 1 0
github.com/ismail118/simple-bank/api/grpc.go:84.79,98.17 4 1
github.com/ismail118/simple-bank/api/grpc.go:102.3,102.13 1 1
github.com/ismail118/simple-bank/api/grpc.go:98.17,100.4 1 1
github.com/ismail118/simple-bank/api/grpc.go:104.16,106.3 1 1
github.com/ismail118/simple-bank/api/grpc.go:113.113,117.16 2 1
github.com/ismail118/simple-bank/api/grpc.go:121.2,122.23 2 1
github.com/ismail118/simple-bank/api/grpc.go:126.2,127.16 2 1
github.com/ismail118/simple-bank/api/grpc.go:130.2,130.25 1 1
github.com/ismail118/simple-bank/api/grpc.go:135.2,135.43 1 1
github.com/ismail118/simple-bank/api/grpc.go:139.2,139.34 1 1
github.com/ismail118/simple-bank/api/grpc.go:150.2,158.16 4 1
github.com/ismail118/simple-bank/api/grpc.go:162.2,164.8 1 1
github.com/ismail118/simple-bank/api/grpc.go:117.16,119.3 1 1
github.com/ismail118/simple-bank/api/grpc.go:122.23,124.3 1 1
github.com/ismail118/simple-bank/api/grpc.go:127.16,129.3 1 0
github.com/ismail118/simple-bank/api/grpc.go:130.25,132.3 1 1
github.com/ismail118/simple-bank/api/grpc.go:135.43,137.3 1 1
github.com/ismail118/simple-bank/api/grpc.go:139.34,141.17 2 1
github.com/ismail118/simple-bank/api/grpc.go:144.3,144.23 1 1
github.com/ismail118/simple-bank/api/grpc.go:141.17,143.4 1 0
github.com/ismail118/simple-bank/api/grpc.go:144.23,146.4 1 1
github.com/ismail118/simple-bank/api/grpc.go:158.16,160.3 1 0
github.com/ismail118/simple-bank/api/grpc.go:167.98,170.23 2 1
github.com/ismail118/simple-bank/api/grpc.go:174.2,175.16 2 1
github.com/ismail118/simple-bank/api/grpc.go:178.2,178.25 1 1
github.com/ismail118/simple-bank/api/grpc.go:183.2,184.16 2 1
github.com/ismail118/simple-bank/api/grpc.go:189.2,190.16 2 1
github.com/ismail118/simple-bank/api/grpc.go:194.2,195.16 2 1
github.com/ismail118/simple-bank/api/grpc.go:199.2,212.16 4 1
github.com/ismail118/simple-bank/api/grpc.go:216.2,223.8 1 1
github.com/ismail118/simple-bank/api/grpc.go:170.23,172.3 1 0
github.com/ismail118/simple-bank/api/grpc.go:175.16,177.3 1 0
github.com/ismail118/simple-bank/api/grpc.go:178.25,181.3 2 0
github.com/ismail118/simple-bank/api/grpc.go:184.16,187.3 2 0
github.com/ismail118/simple-bank/api/grpc.go:190.16,192.3 1 0
github.com/ismail118/simple-bank/api/grpc.go:195.16,197.3 1 0
github.com/ismail118/simple-bank/api/grpc.go:212.16,214.3 1 0
github.com/ismail118/simple-bank/api/grpc.go:226.116,229.23 2 0
github.com/ismail118/simple-bank/api/grpc.go:233.2,234.16 2 0
github.com/ismail118/simple-bank/api/grpc.go:238.2,239.16 2 0
github.com/ismail118/simple-bank/api/grpc.go:243.2,245.8 1 0
github.com/ismail118/simple-bank/api/grpc.go:229.23,231.3 1 0
github.com/ismail118/simple-bank/api/grpc.go:234.16,236.3 1 0
github.com/ismail118/simple-bank/api/grpc.go:239.16,241.3 1 0
github.com/ismail118/simple-bank/api/grpc.go:248.99,251.16 3 1
github.com/ismail118/simple-bank/api/grpc.go:255.2,256.16 2 1
github.com/ismail118/simple-bank/api/grpc.go:260.2,261.16 2 1
github.com/ismail118/simple-bank/api/grpc.go:265.2,266.16 2 1
github.com/ismail118/simple-bank/api/grpc.go:270.2,270.18 1 1
github.com/ismail118/simple-bank/api/grpc.go:251.16,253.3 1 1
github.com/ismail118/simple-bank/api/grpc.go:256.16,258.3 1 0
github.com/ismail118/simple-bank/api/grpc.go:261.16,263.3 1 0
github.com/ismail118/simple-bank/api/grpc.go:266.16,268.3 1 0
github.com/ismail118/simple-bank/api/grpc.go:273.89,276.16 3 1
github.com/ismail118/simple-bank/api/grpc.go:280.2,281.16 2 1
github.com/ismail118/simple-bank/api/grpc.go:285.2,285.18 1 1
github.com/ismail118/simple-bank/api/grpc.go:276.16,278.3 1 0
github.com/ismail118/simple-bank/api/grpc.go:281.16,283.3 1 0
github.com/ismail118/simple-bank/api/grpc.go:288.99,291.16 3 1
github.com/ismail118/simple-bank/api/grpc.go:295.2,296.16 2 1
github.com/ismail118/simple-bank/api/grpc.go:300.2,301.16 2 1
github.com/ismail118/simple-bank/api/grpc.go:305.2,305.18 1 1
github.com/ismail118/simple-bank/api/grpc.go:291.16,293.3 1 1
github.com/ismail118/simple-bank/api/grpc.go:296.16,298.3 1 0
github.com/ismail118/simple-bank/api/grpc.go:301.16,303.3 1 0
github.com/ismail118/simple-bank/api/grpc.go:308.101,311.16 3 0
github.com/ismail118/simple-bank/api/grpc.go:315.2,316.16 2 0
github.com/ismail118/simple-bank/api/grpc.go:320.2,320.18 1 0
github.com/ismail118/simple-bank/api/grpc.go:311.16,313.3 1 0
github.com/ismail118/simple-bank/api/grpc.go:316.16,318.3 1 0
github.com/ismail118/simple-bank/api/grpc_authorization.go:16.81,18.9 2 1
github.com/ismail118/simple-bank/api/grpc_authorization.go:22.2,23.22 2 1
github.com/ismail118/simple-bank/api/grpc_authorization.go:27.2,29.21 3 1
github.com/ismail118/simple-bank/api/grpc_authorization.go:33.2,34.37 2 1
github.com/ismail118/simple-bank/api/grpc_authorization.go:38.2,40.16 3 1
github.com/ismail118/simple-bank/api/grpc_authorization.go:44.2,44.21 1 1
github.com/ismail118/simple-bank/api/grpc_authorization.go:18.9,20.3 1 1
github.com/ismail118/simple-bank/api/grpc_authorization.go:23.22,25.3 1 0
github.com/ismail118/simple-bank/api/grpc_authorization.go:29.21,31.3 1 0
github.com/ismail118/simple-bank/api/grpc_authorization.go:34.37,36.3 1 0
github.com/ismail118/simple-bank/api/grpc_authorization.go:40.16,42.3 1 0
github.com/ismail118/simple-bank/api/grpc_interceptor.go:18.33,26.8 6 0
github.com/ismail118/simple-bank/api/grpc_interceptor.go:30.2,31.16 2 0
github.com/ismail118/simple-bank/api/grpc_interceptor.go:35.2,42.17 2 0
github.com/ismail118/simple-bank/api/grpc_interceptor.go:26.8,28.3 1 0
github.com/ismail118/simple-bank/api/grpc_interceptor.go:31.16,33.3 1 0
github.com/ismail118/simple-bank/api/grpc_interceptor.go:51.64,54.2 2 0
github.com/ismail118/simple-bank/api/grpc_interceptor.go:56.68,59.2 2 0
github.com/ismail118/simple-bank/api/grpc_interceptor.go:61.70,62.71 1 0
github.com/ismail118/simple-bank/api/grpc_interceptor.go:62.71,73.38 6 0
github.com/ismail118/simple-bank/api/grpc_interceptor.go:77.3,83.33 1 0
github.com/ismail118/simple-bank/api/grpc_interceptor.go:73.38,75.4 1 0
github.com/ismail118/simple-bank/api/grpc_metadata.go:20.69,24.8 3 1
github.com/ismail118/simple-bank/api/grpc_metadata.go:36.2,37.8 2 1
github.com/ismail118/simple-bank/api/grpc_metadata.go:41.2,41.13 1 1
github.com/ismail118/simple-bank/api/grpc_metadata.go:24.8,25.50 1 0
github.com/ismail118/simple-bank/api/grpc_metadata.go:28.3,28.43 1 0
github.com/ismail118/simple-bank/api/grpc_metadata.go:31.3,31.43 1 0
github.com/ismail118/simple-bank/api/grpc_metadata.go:25.50,27.4 1 0
github.com/ismail118/simple-bank/api/grpc_metadata.go:28.43,30.4 1 0
github.com/ismail118/simple-bank/api/grpc_metadata.go:31.43,33.4 1 0
github.com/ismail118/simple-bank/api/grpc_metadata.go:37.8,39.3 1 0
github.com/ismail118/simple-bank/api/middleware.go:18.61,19.32 1 1
github.com/ismail118/simple-bank/api/middleware.go:19.32,22.36 2 1
github.com/ismail118/simple-bank/api/middleware.go:30.3,31.22 2 1
github.com/ismail118/simple-bank/api/middleware.go:39.3,40.51 2 1
github.com/ismail118/simple-bank/api/middleware.go:48.3,50.17 3 1
github.com/ismail118/simple-bank/api/middleware.go:55.3,56.13 2 1
github.com/ismail118/simple-bank/api/middleware.go:22.36,24.18 2 1
github.com/ismail118/simple-bank/api/middleware.go:24.18,27.5 2 1
github.com/ismail118/simple-bank/api/middleware.go:31.22,33.18 2 1
github.com/ismail118/simple-bank/api/middleware.go:33.18,36.5 2 1
github.com/ismail118/simple-bank/api/middleware.go:40.51,42.18 2 1
github.com/ismail118/simple-bank/api/middleware.go:42.18,45.5 2 1
github.com/ismail118/simple-bank/api/middleware.go:50.17,53.4 2 1
github.com/ismail118/simple-bank/repository/store_mock.go:14.37,19.2 1 0
github.com/ismail118/simple-bank/repository/store_mock.go:21.85,23.2 1 0
github.com/ismail118/simple-bank/repository/store_mock.go:25.103,28.2 2 0
github.com/ismail118/simple-bank/repository/store_mock.go:30.147,34.16 3 0
github.com/ismail118/simple-bank/repository/store_mock.go:37.2,37.20 1 0
github.com/ismail118/simple-bank/repository/store_mock.go:34.16,36.3 1 0
github.com/ismail118/simple-bank/repository/store_mock.go:40.117,43.2 2 0
github.com/ismail118/simple-bank/repository/tx_create_user.go:12.143,15.48 2 0
github.com/ismail118/simple-bank/repository/tx_create_user.go:30.2,30.16 1 0
github.com/ismail118/simple-bank/repository/tx_create_user.go:34.2,34.20 1 0
github.com/ismail118/simple-bank/repository/tx_create_user.go:15.48,17.17 2 0
github.com/ismail118/simple-bank/repository/tx_create_user.go:21.3,22.17 2 0
github.com/ismail118/simple-bank/repository/tx_create_user.go:26.3,28.13 2 0
github.com/ismail118/simple-bank/repository/tx_create_user.go:17.17,19.4 1 0
github.com/ismail118/simple-bank/repository/tx_create_user.go:22.17,24.4 1 0
github.com/ismail118/simple-bank/repository/tx_create_user.go:30.16,32.3 1 0
github.com/ismail118/simple-bank/repository/tx_transfer.go:16.99,19.48 2 1
github.com/ismail118/simple-bank/repository/tx_transfer.go:74.2,74.16 1 1
github.com/ismail118/simple-bank/repository/tx_transfer.go:78.2,78.20 1 1
github.com/ismail118/simple-bank/repository/tx_transfer.go:19.48,21.17 2 1
github.com/ismail118/simple-bank/repository/tx_transfer.go:24.3,33.17 5 1
github.com/ismail118/simple-bank/repository/tx_transfer.go:36.3,45.17 5 1
github.com/ismail118/simple-bank/repository/tx_transfer.go:48.3,52.42 3 1
github.com/ismail118/simple-bank/repository/tx_transfer.go:72.3,72.13 1 1
github.com/ismail118/simple-bank/repository/tx_transfer.go:21.17,23.4 1 0
github.com/ismail118/simple-bank/repository/tx_transfer.go:33.17,35.4 1 0
github.com/ismail118/simple-bank/repository/tx_transfer.go:45.17,47.4 1 0
github.com/ismail118/simple-bank/repository/tx_transfer.go:52.42,54.18 2 1
github.com/ismail118/simple-bank/repository/tx_transfer.go:57.4,58.18 2 1
github.com/ismail118/simple-bank/repository/tx_transfer.go:54.18,56.5 1 0
github.com/ismail118/simple-bank/repository/tx_transfer.go:58.18,60.5 1 0
github.com/ismail118/simple-bank/repository/tx_transfer.go:61.9,63.18 2 1
github.com/ismail118/simple-bank/repository/tx_transfer.go:66.4,67.18 2 1
github.com/ismail118/simple-bank/repository/tx_transfer.go:63.18,65.5 1 0
github.com/ismail118/simple-bank/repository/tx_transfer.go:67.18,69.5 1 0
github.com/ismail118/simple-bank/repository/tx_transfer.go:74.16,76.3 1 0
github.com/ismail118/simple-bank/repository/tx_verify_email.go:14.113,17.48 2 0
github.com/ismail118/simple-bank/repository/tx_verify_email.go:47.2,47.16 1 0
github.com/ismail118/simple-bank/repository/tx_verify_email.go:51.2,51.20 1 0
github.com/ismail118/simple-bank/repository/tx_verify_email.go:17.48,19.17 2 0
github.com/ismail118/simple-bank/repository/tx_verify_email.go:23.3,24.17 2 0
github.com/ismail118/simple-bank/repository/tx_verify_email.go:27.3,36.17 3 0
github.com/ismail118/simple-bank/repository/tx_verify_email.go:40.3,41.17 2 0
github.com/ismail118/simple-bank/repository/tx_verify_email.go:45.3,45.13 1 0
github.com/ismail118/simple-bank/repository/tx_verify_email.go:19.17,21.4 1 0
github.com/ismail118/simple-bank/repository/tx_verify_email.go:24.17,26.4 1 0
github.com/ismail118/simple-bank/repository/tx_verify_email.go:36.17,38.4 1 0
github.com/ismail118/simple-bank/repository/tx_verify_email.go:41.17,43.4 1 0
github.com/ismail118/simple-bank/repository/tx_verify_email.go:47.16,49.3 1 0
github.com/ismail118/simple-bank/repository/postgres_repo.go:17.42,21.2 1 1
github.com/ismail118/simple-bank/repository/postgres_repo.go:23.60,27.2 1 0
github.com/ismail118/simple-bank/repository/postgres_repo.go:30.100,47.16 5 1
github.com/ismail118/simple-bank/repository/postgres_repo.go:51.2,52.16 2 1
github.com/ismail118/simple-bank/repository/postgres_repo.go:56.2,56.19 1 1
github.com/ismail118/simple-bank/repository/postgres_repo.go:47.16,49.3 1 0
github.com/ismail118/simple-bank/repository/postgres_repo.go:52.16,54.3 1 0
github.com/ismail118/simple-bank/repository/postgres_repo.go:60.100,75.16 5 1
github.com/ismail118/simple-bank/repository/postgres_repo.go:83.2,84.16 2 1
github.com/ismail118/simple-bank/repository/postgres_repo.go:88.2,88.15 1 1
github.com/ismail118/simple-bank/repository/postgres_repo.go:75.16,76.27 1 1
github.com/ismail118/simple-bank/repository/postgres_repo.go:80.3,80.16 1 0
github.com/ismail118/simple-bank/repository/postgres_repo.go:76.27,79.4 2 1
github.com/ismail118/simple-bank/repository/postgres_repo.go:84.16,86.3 1 0
github.com/ismail118/simple-bank/repository/postgres_repo.go:91.128,106.16 5 0
github.com/ismail118/simple-bank/repository/postgres_repo.go:114.2,115.16 2 0
github.com/ismail118/simple-bank/repository/postgres_repo.go:119.2,119.15 1 0
github.com/ismail118/simple-bank/repository/postgres_repo.go:106.16,107.27 1 0
github.com/ismail118/simple-bank/repository/postgres_repo.go:111.3,111.16 1 0
github.com/ismail118/simple-bank/repository/postgres_repo.go:107.27,110.4 2 0
github.com/ismail118/simple-bank/repository/postgres_repo.go:115.16,117.3 1 0
github.com/ismail118/simple-bank/repository/postgres_repo.go:123.127,135.16 4 1
github.com/ismail118/simple-bank/repository/postgres_repo.go:138.2,140.18 2 1
github.com/ismail118/simple-bank/repository/postgres_repo.go:155.2,156.16 2 1
github.com/ismail118/simple-bank/repository/postgres_repo.go:160.2,160.19 1 1
github.com/ismail118/simple-bank/repository/postgres_repo.go:135.16,137.3 1 0
github.com/ismail118/simple-bank/repository/postgres_repo.go:140.18,149.17 3 1
github.com/ismail118/simple-bank/repository/postgres_repo.go:152.3,152.28 1 1
github.com/ismail118/simple-bank/repository/postgres_repo.go:149.17,151.4 1 0
github.com/ismail118/simple-bank/repository/postgres_repo.go:156.16,158.3 1 0
github.com/ismail118/simple-bank/repository/postgres_repo.go:164.91,170.16 3 1
github.com/ismail118/simple-bank/repository/postgres_repo.go:174.2,174.12 1 1
github.com/ismail118/simple-bank/repository/postgres_repo.go:170.16,172.3 1 0
github.com/ismail118/simple-bank/repository/postgres_repo.go:178.81,183.16 3 1
github.com/ismail118/simple-bank/repository/postgres_repo.go:187.2,187.12 1 1
github.com/ismail118/simple-bank/repository/postgres_repo.go:183.16,185.3 1 0
github.com/ismail118/simple-bank/repository/postgres_repo.go:191.96,205.16 5 1
github.com/ismail118/simple-bank/repository/postgres_repo.go:209.2,210.16 2 1
github.com/ismail118/simple-bank/repository/postgres_repo.go:214.2,214.19 1 1
github.com/ismail118/simple-bank/repository/postgres_repo.go:205.16,207.3 1 0
github.com/ismail118/simple-bank/repository/postgres_repo.go:210.16,212.3 1 0
github.com/ismail118/simple-bank/repository/postgres_repo.go:218.96,233.16 5 1
github.com/ismail118/simple-bank/repository/postgres_repo.go:241.2,242.16 2 1
github.com/ismail118/simple-bank/repository/postgres_repo.go:246.2,246.15 1 1
github.com/ismail118/simple-bank/repository/postgres_repo.go:233.16,234.27 1 0
github.com/ismail118/simple-bank/repository/postgres_repo.go:238.3,238.16 1 0
github.com/ismail118/simple-bank/repository/postgres_repo.go:234.27,237.4 2 0
github.com/ismail118/simple-bank/repository/postgres_repo.go:242.16,244.3 1 0
github.com/ismail118/simple-bank/repository/postgres_repo.go:250.127,261.16 4 1
github.com/ismail118/simple-bank/repository/postgres_repo.go:264.2,266.18 2 1
github.com/ismail118/simple-bank/repository/postgres_repo.go:280.2,281.16 2 1
github.com/ismail118/simple-bank/repository/postgres_repo.go:285.2,285.19 1 1
github.com/ismail118/simple-bank/repository/postgres_repo.go:261.16,263.3 1 0
github.com/ismail118/simple-bank/repository/postgres_repo.go:266.18,274.17 3 1
github.com/ismail118/simple-bank/repository/postgres_repo.go:277.3,277.28 1 1
github.com/ismail118/simple-bank/repository/postgres_repo.go:274.17,276.4 1 0
github.com/ismail118/simple-bank/repository/postgres_repo.go:281.16,283.3 1 0
github.com/ismail118/simple-bank/repository/postgres_repo.go:289.102,304.16 5 1
github.com/ismail118/simple-bank/repository/postgres_repo.go:308.2,309.16 2 1
github.com/ismail118/simple-bank/repository/postgres_repo.go:313.2,313.19 1 1
github.com/ismail118/simple-bank/repository/postgres_repo.go:304.16,306.3 1 0
github.com/ismail118/simple-bank/repository/postgres_repo.go:309.16,311.3 1 0
github.com/ismail118/simple-bank/repository/postgres_repo.go:317.102,332.16 5 1
github.com/ismail118/simple-bank/repository/postgres_repo.go:340.2,341.16 2 1
github.com/ismail118/simple-bank/repository/postgres_repo.go:345.2,345.15 1 1
github.com/ismail118/simple-bank/repository/postgres_repo.go:332.16,333.27 1 0
github.com/ismail118/simple-bank/repository/postgres_repo.go:337.3,337.16 1 0
github.com/ismail118/simple-bank/repository/postgres_repo.go:333.27,336.4 2 0
github.com/ismail118/simple-bank/repository/postgres_repo.go:341.16,343.3 1 0
github.com/ismail118/simple-bank/repository/postgres_repo.go:349.149,360.16 4 1
github.com/ismail118/simple-bank/repository/postgres_repo.go:363.2,365.18 2 1
github.com/ismail118/simple-bank/repository/postgres_repo.go:380.2,381.16 2 1
github.com/ismail118/simple-bank/repository/postgres_repo.go:385.2,385.19 1 1
github.com/ismail118/simple-bank/repository/postgres_repo.go:360.16,362.3 1 0
github.com/ismail118/simple-bank/repository/postgres_repo.go:365.18,374.17 3 1
github.com/ismail118/simple-bank/repository/postgres_repo.go:377.3,377.28 1 1
github.com/ismail118/simple-bank/repository/postgres_repo.go:374.17,376.4 1 0
github.com/ismail118/simple-bank/repository/postgres_repo.go:381.16,383.3 1 0
github.com/ismail118/simple-bank/repository/postgres_repo.go:389.109,405.16 5 1
github.com/ismail118/simple-bank/repository/postgres_repo.go:413.2,414.16 2 1
github.com/ismail118/simple-bank/repository/postgres_repo.go:418.2,418.15 1 1
github.com/ismail118/simple-bank/repository/postgres_repo.go:405.16,406.27 1 0
github.com/ismail118/simple-bank/repository/postgres_repo.go:410.3,410.16 1 0
github.com/ismail118/simple-bank/repository/postgres_repo.go:406.27,409.4 2 0
github.com/ismail118/simple-bank/repository/postgres_repo.go:414.16,416.3 1 0
github.com/ismail118/simple-bank/repository/postgres_repo.go:423.115,439.16 5 1
github.com/ismail118/simple-bank/repository/postgres_repo.go:443.2,443.15 1 1
github.com/ismail118/simple-bank/repository/postgres_repo.go:439.16,441.3 1 0
github.com/ismail118/simple-bank/repository/postgres_repo.go:446.87,460.16 3 1
github.com/ismail118/simple-bank/repository/postgres_repo.go:464.2,464.12 1 1
github.com/ismail118/simple-bank/repository/postgres_repo.go:460.16,462.3 1 0
github.com/ismail118/simple-bank/repository/postgres_repo.go:467.109,483.16 5 1
github.com/ismail118/simple-bank/repository/postgres_repo.go:491.2,492.16 2 1
github.com/ismail118/simple-bank/repository/postgres_repo.go:496.2,496.15 1 1
github.com/ismail118/simple-bank/repository/postgres_repo.go:483.16,484.27 1 1
github.com/ismail118/simple-bank/repository/postgres_repo.go:488.3,488.16 1 0
github.com/ismail118/simple-bank/repository/postgres_repo.go:484.27,487.4 2 1
github.com/ismail118/simple-bank/repository/postgres_repo.go:492.16,494.3 1 0
github.com/ismail118/simple-bank/repository/postgres_repo.go:499.103,515.16 5 1
github.com/ismail118/simple-bank/repository/postgres_repo.go:523.2,524.16 2 1
github.com/ismail118/simple-bank/repository/postgres_repo.go:528.2,528.15 1 1
github.com/ismail118/simple-bank/repository/postgres_repo.go:515.16,516.27 1 0
github.com/ismail118/simple-bank/repository/postgres_repo.go:520.3,520.16 1 0
github.com/ismail118/simple-bank/repository/postgres_repo.go:516.27,519.4 2 0
github.com/ismail118/simple-bank/repository/postgres_repo.go:524.16,526.3 1 0
github.com/ismail118/simple-bank/repository/postgres_repo.go:531.108,537.16 4 1
github.com/ismail118/simple-bank/repository/postgres_repo.go:541.2,541.18 1 1
github.com/ismail118/simple-bank/repository/postgres_repo.go:558.2,559.16 2 1
github.com/ismail118/simple-bank/repository/postgres_repo.go:563.2,563.19 1 1
github.com/ismail118/simple-bank/repository/postgres_repo.go:537.16,539.3 1 0
github.com/ismail118/simple-bank/repository/postgres_repo.go:541.18,552.17 3 1
github.com/ismail118/simple-bank/repository/postgres_repo.go:555.3,555.28 1 1
github.com/ismail118/simple-bank/repository/postgres_repo.go:552.17,554.4 1 0
github.com/ismail118/simple-bank/repository/postgres_repo.go:559.16,561.3 1 0
github.com/ismail118/simple-bank/repository/postgres_repo.go:574.90,593.16 3 1
github.com/ismail118/simple-bank/repository/postgres_repo.go:597.2,597.12 1 1
github.com/ismail118/simple-bank/repository/postgres_repo.go:593.16,595.3 1 0
github.com/ismail118/simple-bank/repository/postgres_repo.go:600.86,605.16 3 1
github.com/ismail118/simple-bank/repository/postgres_repo.go:609.2,609.12 1 1
github.com/ismail118/simple-bank/repository/postgres_repo.go:605.16,607.3 1 0
github.com/ismail118/simple-bank/repository/postgres_repo.go:612.93,627.16 3 0
github.com/ismail118/simple-bank/repository/postgres_repo.go:631.2,631.12 1 0
github.com/ismail118/simple-bank/repository/postgres_repo.go:627.16,629.3 1 0
github.com/ismail118/simple-bank/repository/postgres_repo.go:634.106,652.16 5 0
github.com/ismail118/simple-bank/repository/postgres_repo.go:659.2,660.16 2 0
github.com/ismail118/simple-bank/repository/postgres_repo.go:664.2,664.15 1 0
github.com/ismail118/simple-bank/repository/postgres_repo.go:652.16,653.27 1 0
github.com/ismail118/simple-bank/repository/postgres_repo.go:656.3,656.16 1 0
github.com/ismail118/simple-bank/repository/postgres_repo.go:653.27,655.4 1 0
github.com/ismail118/simple-bank/repository/postgres_repo.go:660.16,662.3 1 0
github.com/ismail118/simple-bank/repository/postgres_repo.go:667.108,684.16 5 0
github.com/ismail118/simple-bank/repository/postgres_repo.go:688.2,689.16 2 0
github.com/ismail118/simple-bank/repository/postgres_repo.go:693.2,693.16 1 0
github.com/ismail118/simple-bank/repository/postgres_repo.go:684.16,686.3 1 0
github.com/ismail118/simple-bank/repository/postgres_repo.go:689.16,691.3 1 0
github.com/ismail118/simple-bank/repository/postgres_repo.go:696.108,713.16 5 0
github.com/ismail118/simple-bank/repository/postgres_repo.go:720.2,721.16 2 0
github.com/ismail118/simple-bank/repository/postgres_repo.go:725.2,725.15 1 0
github.com/ismail118/simple-bank/repository/postgres_repo.go:713.16,714.27 1 0
github.com/ismail118/simple-bank/repository/postgres_repo.go:717.3,717.16 1 0
github.com/ismail118/simple-bank/repository/postgres_repo.go:714.27,716.4 1 0
github.com/ismail118/simple-bank/repository/postgres_repo.go:721.16,723.3 1 0
github.com/ismail118/simple-bank/repository/postgres_repo.go:729.110,738.16 3 0
github.com/ismail118/simple-bank/repository/postgres_repo.go:742.2,743.16 2 0
github.com/ismail118/simple-bank/repository/postgres_repo.go:747.2,747.19 1 0
github.com/ismail118/simple-bank/repository/postgres_repo.go:750.2,750.12 1 0
github.com/ismail118/simple-bank/repository/postgres_repo.go:738.16,740.3 1 0
github.com/ismail118/simple-bank/repository/postgres_repo.go:743.16,745.3 1 0
github.com/ismail118/simple-bank/repository/postgres_repo.go:747.19,749.3 1 0
github.com/ismail118/simple-bank/repository/postgres_repo_mock.go:16.46,20.2 1 0
github.com/ismail118/simple-bank/repository/postgres_repo_mock.go:22.64,26.2 1 0
github.com/ismail118/simple-bank/repository/postgres_repo_mock.go:29.104,31.34 2 0
github.com/ismail118/simple-bank/repository/postgres_repo_mock.go:34.2,34.19 1 0
github.com/ismail118/simple-bank/repository/postgres_repo_mock.go:31.34,33.3 1 0
github.com/ismail118/simple-bank/repository/postgres_repo_mock.go:38.104,40.24 2 0
github.com/ismail118/simple-bank/repository/postgres_repo_mock.go:49.2,49.15 1 0
github.com/ismail118/simple-bank/repository/postgres_repo_mock.go:52.2,52.15 1 0
github.com/ismail118/simple-bank/repository/postgres_repo_mock.go:40.24,48.3 1 0
github.com/ismail118/simple-bank/repository/postgres_repo_mock.go:49.15,51.3 1 0
github.com/ismail118/simple-bank/repository/postgres_repo_mock.go:55.135,58.2 2 0
github.com/ismail118/simple-bank/repository/postgres_repo_mock.go:61.131,63.19 2 0
github.com/ismail118/simple-bank/repository/postgres_repo_mock.go:66.2,66.19 1 0
github.com/ismail118/simple-bank/repository/postgres_repo_mock.go:63.19,65.3 1 0
github.com/ismail118/simple-bank/repository/postgres_repo_mock.go:70.95,71.17 1 0
github.com/ismail118/simple-bank/repository/postgres_repo_mock.go:74.2,74.12 1 0
github.com/ismail118/simple-bank/repository/postgres_repo_mock.go:71.17,73.3 1 0
github.com/ismail118/simple-bank/repository/postgres_repo_mock.go:78.85,79.13 1 0
github.com/ismail118/simple-bank/repository/postgres_repo_mock.go:82.2,82.12 1 0
github.com/ismail118/simple-bank/repository/postgres_repo_mock.go:79.13,81.3 1 0
github.com/ismail118/simple-bank/repository/postgres_repo_mock.go:86.100,89.2 2 0
github.com/ismail118/simple-bank/repository/postgres_repo_mock.go:92.100,94.13 2 0
github.com/ismail118/simple-bank/repository/postgres_repo_mock.go:102.2,102.15 1 0
github.com/ismail118/simple-bank/repository/postgres_repo_mock.go:105.2,105.15 1 0
github.com/ismail118/simple-bank/repository/postgres_repo_mock.go:94.13,101.3 1 0
github.com/ismail118/simple-bank/repository/postgres_repo_mock.go:102.15,104.3 1 0
github.com/ismail118/simple-bank/repository/postgres_repo_mock.go:109.131,111.19 2 0
github.com/ismail118/simple-bank/repository/postgres_repo_mock.go:114.2,114.19 1 0
github.com/ismail118/simple-bank/repository/postgres_repo_mock.go:111.19,113.3 1 0
github.com/ismail118/simple-bank/repository/postgres_repo_mock.go:118.106,121.2 2 0
github.com/ismail118/simple-bank/repository/postgres_repo_mock.go:124.106,126.13 2 0
github.com/ismail118/simple-bank/repository/postgres_repo_mock.go:135.2,135.15 1 0
github.com/ismail118/simple-bank/repository/postgres_repo_mock.go:138.2,138.15 1 0
github.com/ismail118/simple-bank/repository/postgres_repo_mock.go:126.13,134.3 1 0
github.com/ismail118/simple-bank/repository/postgres_repo_mock.go:135.15,137.3 1 0
github.com/ismail118/simple-bank/repository/postgres_repo_mock.go:142.153,144.19 2 0
github.com/ismail118/simple-bank/repository/postgres_repo_mock.go:147.2,147.19 1 0
github.com/ismail118/simple-bank/repository/postgres_repo_mock.go:144.19,146.3 1 0
github.com/ismail118/simple-bank/repository/postgres_repo_mock.go:151.113,154.2 2 0
github.com/ismail118/simple-bank/repository/postgres_repo_mock.go:158.119,161.2 2 0
github.com/ismail118/simple-bank/repository/postgres_repo_mock.go:163.91,165.2 1 0
github.com/ismail118/simple-bank/repository/postgres_repo_mock.go:167.113,177.47 3 0
github.com/ismail118/simple-bank/repository/postgres_repo_mock.go:180.2,180.15 1 0
github.com/ismail118/simple-bank/repository/postgres_repo_mock.go:177.47,179.3 1 0
github.com/ismail118/simple-bank/repository/postgres_repo_mock.go:183.107,192.36 2 0
github.com/ismail118/simple-bank/repository/postgres_repo_mock.go:195.2,195.15 1 0
github.com/ismail118/simple-bank/repository/postgres_repo_mock.go:192.36,194.3 1 0
github.com/ismail118/simple-bank/repository/postgres_repo_mock.go:198.112,200.19 2 0
github.com/ismail118/simple-bank/repository/postgres_repo_mock.go:203.2,203.19 1 0
github.com/ismail118/simple-bank/repository/postgres_repo_mock.go:200.19,202.3 1 0
github.com/ismail118/simple-bank/repository/postgres_repo_mock.go:206.94,207.29 1 0
github.com/ismail118/simple-bank/repository/postgres_repo_mock.go:210.2,210.12 1 0
github.com/ismail118/simple-bank/repository/postgres_repo_mock.go:207.29,209.3 1 0
github.com/ismail118/simple-bank/repository/postgres_repo_mock.go:213.90,215.2 1 0
github.com/ismail118/simple-bank/repository/postgres_repo_mock.go:217.97,219.2 1 0
github.com/ismail118/simple-bank/repository/postgres_repo_mock.go:221.110,225.2 2 0
github.com/ismail118/simple-bank/repository/postgres_repo_mock.go:227.112,230.2 2 0
github.com/ismail118/simple-bank/repository/postgres_repo_mock.go:232.112,235.2 2 0
github.com/ismail118/simple-bank/repository/postgres_repo_mock.go:237.114,239.2 1 0
github.com/ismail118/simple-bank/repository/store.go:23.33,28.2 1 1
github.com/ismail118/simple-bank/repository/store.go:30.81,32.16 2 1
github.com/ismail118/simple-bank/repository/store.go:36.2,38.16 3 1
github.com/ismail118/simple-bank/repository/store.go:45.2,45.20 1 1
github.com/ismail118/simple-bank/repository/store.go:32.16,34.3 1 0
github.com/ismail118/simple-bank/repository/store.go:38.16,40.19 2 0
github.com/ismail118/simple-bank/repository/store.go:40.19,42.4 1 0
