mode: set
github.com/ismail118/simple-bank/token/paseto_maker.go:16.57,17.51 1 1
github.com/ismail118/simple-bank/token/paseto_maker.go:21.2,26.19 2 1
github.com/ismail118/simple-bank/token/paseto_maker.go:17.51,19.3 1 0
github.com/ismail118/simple-bank/token/paseto_maker.go:29.102,31.16 2 1
github.com/ismail118/simple-bank/token/paseto_maker.go:35.2,36.16 2 1
github.com/ismail118/simple-bank/token/paseto_maker.go:40.2,40.28 1 1
github.com/ismail118/simple-bank/token/paseto_maker.go:31.16,33.3 1 0
github.com/ismail118/simple-bank/token/paseto_maker.go:36.16,38.3 1 0
github.com/ismail118/simple-bank/token/paseto_maker.go:43.67,47.16 3 1
github.com/ismail118/simple-bank/token/paseto_maker.go:51.2,52.16 2 1
github.com/ismail118/simple-bank/token/paseto_maker.go:56.2,56.21 1 1
github.com/ismail118/simple-bank/token/paseto_maker.go:47.16,49.3 1 1
github.com/ismail118/simple-bank/token/paseto_maker.go:52.16,54.3 1 1
github.com/ismail118/simple-bank/token/payload.go:25.76,27.16 2 1
github.com/ismail118/simple-bank/token/payload.go:31.2,38.22 2 1
github.com/ismail118/simple-bank/token/payload.go:27.16,29.3 1 0
github.com/ismail118/simple-bank/token/payload.go:41.36,42.35 1 1
github.com/ismail118/simple-bank/token/payload.go:46.2,46.12 1 1
github.com/ismail118/simple-bank/token/payload.go:42.35,44.3 1 1
github.com/ismail118/simple-bank/token/jwt_maker.go:18.51,19.39 1 1
github.com/ismail118/simple-bank/token/jwt_maker.go:23.2,23.45 1 1
github.com/ismail118/simple-bank/token/jwt_maker.go:19.39,21.3 1 0
github.com/ismail118/simple-bank/token/jwt_maker.go:26.99,28.16 2 1
github.com/ismail118/simple-bank/token/jwt_maker.go:32.2,35.16 3 1
github.com/ismail118/simple-bank/token/jwt_maker.go:39.2,39.28 1 1
github.com/ismail118/simple-bank/token/jwt_maker.go:28.16,30.3 1 0
github.com/ismail118/simple-bank/token/jwt_maker.go:35.16,37.3 1 0
github.com/ismail118/simple-bank/token/jwt_maker.go:42.64,43.55 1 1
github.com/ismail118/simple-bank/token/jwt_maker.go:52.2,53.16 2 1
github.com/ismail118/simple-bank/token/jwt_maker.go:60.2,61.9 2 1
github.com/ismail118/simple-bank/token/jwt_maker.go:65.2,65.21 1 1
github.com/ismail118/simple-bank/token/jwt_maker.go:43.55,45.10 2 1
github.com/ismail118/simple-bank/token/jwt_maker.go:49.3,49.34 1 1
github.com/ismail118/simple-bank/token/jwt_maker.go:45.10,47.4 1 1
github.com/ismail118/simple-bank/token/jwt_maker.go:53.16,54.61 1 1
github.com/ismail118/simple-bank/token/jwt_maker.go:57.3,57.30 1 1
github.com/ismail118/simple-bank/token/jwt_maker.go:54.61,56.4 1 1
github.com/ismail118/simple-bank/token/jwt_maker.go:61.9,63.3 1 0
github.com/ismail118/simple-bank/api/grpc_interceptor.go:18.33,26.8 6 0
github.com/ismail118/simple-bank/api/grpc_interceptor.go:30.2,31.16 2 0
github.com/ismail118/simple-bank/api/grpc_interceptor.go:35.2,42.17 2 0
github.com/ismail118/simple-bank/api/grpc_interceptor.go:26.8,28.3 1 0
github.com/ismail118/simple-bank/api/grpc_interceptor.go:31.16,33.3 1 0
github.com/ismail118/simple-bank/api/grpc_interceptor.go:51.64,54.2 2 0
github.com/ismail118/simple-bank/api/grpc_interceptor.go:56.68,59.2 2 0
github.com/ismail118/simple-bank/api/grpc_interceptor.go:61.70,62.71 1 0
github.com/ismail118/simple-bank/api/grpc_interceptor.go:62.71,73.38 6 0
github.com/ismail118/simple-bank/api/grpc_interceptor.go:77.3,83.33 1 0
github.com/ismail118/simple-bank/api/grpc_interceptor.go:73.38,75.4 1 0
github.com/ismail118/simple-bank/api/grpc_metadata.go:20.69,24.8 3 0
github.com/ismail118/simple-bank/api/grpc_metadata.go:36.2,37.8 2 0
github.com/ismail118/simple-bank/api/grpc_metadata.go:41.2,41.13 1 0
github.com/ismail118/simple-bank/api/grpc_metadata.go:24.8,25.50 1 0
github.com/ismail118/simple-bank/api/grpc_metadata.go:28.3,28.43 1 0
github.com/ismail118/simple-bank/api/grpc_metadata.go:31.3,31.43 1 0
github.com/ismail118/simple-bank/api/grpc_metadata.go:25.50,27.4 1 0
github.com/ismail118/simple-bank/api/grpc_metadata.go:28.43,30.4 1 0
github.com/ismail118/simple-bank/api/grpc_metadata.go:31.43,33.4 1 0
github.com/ismail118/simple-bank/api/grpc_metadata.go:37.8,39.3 1 0
github.com/ismail118/simple-bank/api/middleware.go:18.61,19.32 1 1
github.com/ismail118/simple-bank/api/middleware.go:19.32,22.36 2 1
github.com/ismail118/simple-bank/api/middleware.go:30.3,31.22 2 1
github.com/ismail118/simple-bank/api/middleware.go:39.3,40.51 2 1
github.com/ismail118/simple-bank/api/middleware.go:48.3,50.17 3 1
github.com/ismail118/simple-bank/api/middleware.go:55.3,56.13 2 1
github.com/ismail118/simple-bank/api/middleware.go:22.36,24.18 2 1
github.com/ismail118/simple-bank/api/middleware.go:24.18,27.5 2 1
github.com/ismail118/simple-bank/api/middleware.go:31.22,33.18 2 1
github.com/ismail118/simple-bank/api/middleware.go:33.18,36.5 2 1
github.com/ismail118/simple-bank/api/middleware.go:40.51,42.18 2 1
github.com/ismail118/simple-bank/api/middleware.go:42.18,45.5 2 1
github.com/ismail118/simple-bank/api/middleware.go:50.17,53.4 2 1
github.com/ismail118/simple-bank/api/server.go:25.10,37.2 3 1
github.com/ismail118/simple-bank/api/server.go:39.37,41.2 1 1
github.com/ismail118/simple-bank/api/server.go:43.43,45.2 1 0
github.com/ismail118/simple-bank/api/server.go:47.37,77.2 20 1
github.com/ismail118/simple-bank/api/api.go:21.50,24.16 3 1
github.com/ismail118/simple-bank/api/api.go:30.2,39.16 4 0
github.com/ismail118/simple-bank/api/api.go:48.2,50.36 2 0
github.com/ismail118/simple-bank/api/api.go:24.16,27.3 2 1
github.com/ismail118/simple-bank/api/api.go:39.16,41.89 2 0
github.com/ismail118/simple-bank/api/api.go:45.3,46.9 2 0
github.com/ismail118/simple-bank/api/api.go:41.89,44.4 2 0
github.com/ismail118/simple-bank/api/api.go:57.47,61.16 3 1
github.com/ismail118/simple-bank/api/api.go:66.2,67.16 2 1
github.com/ismail118/simple-bank/api/api.go:77.2,78.39 2 1
github.com/ismail118/simple-bank/api/api.go:84.2,84.36 1 1
github.com/ismail118/simple-bank/api/api.go:61.16,64.3 2 0
github.com/ismail118/simple-bank/api/api.go:67.16,68.33 1 0
github.com/ismail118/simple-bank/api/api.go:72.3,73.9 2 0
github.com/ismail118/simple-bank/api/api.go:68.33,71.4 2 0
github.com/ismail118/simple-bank/api/api.go:78.39,82.3 3 0
github.com/ismail118/simple-bank/api/api.go:92.49,96.16 3 0
github.com/ismail118/simple-bank/api/api.go:101.2,108.16 3 0
github.com/ismail118/simple-bank/api/api.go:113.2,113.41 1 0
github.com/ismail118/simple-bank/api/api.go:96.16,99.3 2 0
github.com/ismail118/simple-bank/api/api.go:108.16,111.3 2 0
github.com/ismail118/simple-bank/api/api.go:122.50,126.16 3 0
github.com/ismail118/simple-bank/api/api.go:131.2,132.16 2 0
github.com/ismail118/simple-bank/api/api.go:142.2,143.43 2 0
github.com/ismail118/simple-bank/api/api.go:149.2,153.16 4 0
github.com/ismail118/simple-bank/api/api.go:158.2,158.40 1 0
github.com/ismail118/simple-bank/api/api.go:126.16,129.3 2 0
github.com/ismail118/simple-bank/api/api.go:132.16,133.33 1 0
github.com/ismail118/simple-bank/api/api.go:137.3,138.9 2 0
github.com/ismail118/simple-bank/api/api.go:133.33,136.4 2 0
github.com/ismail118/simple-bank/api/api.go:143.43,147.3 3 0
github.com/ismail118/simple-bank/api/api.go:153.16,156.3 2 0
github.com/ismail118/simple-bank/api/api.go:161.50,165.16 3 0
github.com/ismail118/simple-bank/api/api.go:170.2,171.16 2 0
github.com/ismail118/simple-bank/api/api.go:181.2,182.43 2 0
github.com/ismail118/simple-bank/api/api.go:188.2,189.16 2 0
github.com/ismail118/simple-bank/api/api.go:194.2,194.57 1 0
github.com/ismail118/simple-bank/api/api.go:165.16,168.3 2 0
github.com/ismail118/simple-bank/api/api.go:171.16,172.33 1 0
github.com/ismail118/simple-bank/api/api.go:176.3,177.9 2 0
github.com/ismail118/simple-bank/api/api.go:172.33,175.4 2 0
github.com/ismail118/simple-bank/api/api.go:182.43,186.3 3 0
github.com/ismail118/simple-bank/api/api.go:189.16,192.3 2 0
github.com/ismail118/simple-bank/api/api.go:197.45,201.16 3 0
github.com/ismail118/simple-bank/api/api.go:206.2,207.16 2 0
github.com/ismail118/simple-bank/api/api.go:216.2,217.16 2 0
github.com/ismail118/simple-bank/api/api.go:227.2,228.43 2 0
github.com/ismail118/simple-bank/api/api.go:234.2,234.38 1 0
github.com/ismail118/simple-bank/api/api.go:201.16,204.3 2 0
github.com/ismail118/simple-bank/api/api.go:207.16,208.33 1 0
github.com/ismail118/simple-bank/api/api.go:212.3,213.9 2 0
github.com/ismail118/simple-bank/api/api.go:208.33,211.4 2 0
github.com/ismail118/simple-bank/api/api.go:217.16,218.33 1 0
github.com/ismail118/simple-bank/api/api.go:222.3,223.9 2 0
github.com/ismail118/simple-bank/api/api.go:218.33,221.4 2 0
github.com/ismail118/simple-bank/api/api.go:228.43,232.3 3 0
github.com/ismail118/simple-bank/api/api.go:243.48,247.16 3 0
github.com/ismail118/simple-bank/api/api.go:252.2,253.16 2 0
github.com/ismail118/simple-bank/api/api.go:263.2,264.43 2 0
github.com/ismail118/simple-bank/api/api.go:270.2,275.16 2 0
github.com/ismail118/simple-bank/api/api.go:280.2,280.40 1 0
github.com/ismail118/simple-bank/api/api.go:247.16,250.3 2 0
github.com/ismail118/simple-bank/api/api.go:253.16,254.33 1 0
github.com/ismail118/simple-bank/api/api.go:258.3,259.9 2 0
github.com/ismail118/simple-bank/api/api.go:254.33,257.4 2 0
github.com/ismail118/simple-bank/api/api.go:264.43,268.3 3 0
github.com/ismail118/simple-bank/api/api.go:275.16,278.3 2 0
github.com/ismail118/simple-bank/api/api.go:283.48,287.16 3 0
github.com/ismail118/simple-bank/api/api.go:292.2,293.16 2 0
github.com/ismail118/simple-bank/api/api.go:302.2,303.16 2 0
github.com/ismail118/simple-bank/api/api.go:312.2,313.16 2 0
github.com/ismail118/simple-bank/api/api.go:323.2,324.90 2 0
github.com/ismail118/simple-bank/api/api.go:330.2,330.41 1 0
github.com/ismail118/simple-bank/api/api.go:287.16,290.3 2 0
github.com/ismail118/simple-bank/api/api.go:293.16,294.33 1 0
github.com/ismail118/simple-bank/api/api.go:298.3,299.9 2 0
github.com/ismail118/simple-bank/api/api.go:294.33,297.4 2 0
github.com/ismail118/simple-bank/api/api.go:303.16,304.33 1 0
github.com/ismail118/simple-bank/api/api.go:308.3,309.9 2 0
github.com/ismail118/simple-bank/api/api.go:304.33,307.4 2 0
github.com/ismail118/simple-bank/api/api.go:313.16,314.33 1 0
github.com/ismail118/simple-bank/api/api.go:318.3,319.9 2 0
github.com/ismail118/simple-bank/api/api.go:314.33,317.4 2 0
github.com/ismail118/simple-bank/api/api.go:324.90,328.3 3 0
github.com/ismail118/simple-bank/api/api.go:340.49,344.16 3 0
github.com/ismail118/simple-bank/api/api.go:349.2,350.16 2 0
github.com/ismail118/simple-bank/api/api.go:359.2,360.16 2 0
github.com/ismail118/simple-bank/api/api.go:370.2,371.90 2 0
github.com/ismail118/simple-bank/api/api.go:377.2,383.16 2 0
github.com/ismail118/simple-bank/api/api.go:388.2,388.42 1 0
github.com/ismail118/simple-bank/api/api.go:344.16,347.3 2 0
github.com/ismail118/simple-bank/api/api.go:350.16,351.33 1 0
github.com/ismail118/simple-bank/api/api.go:355.3,356.9 2 0
github.com/ismail118/simple-bank/api/api.go:351.33,354.4 2 0
github.com/ismail118/simple-bank/api/api.go:360.16,361.33 1 0
github.com/ismail118/simple-bank/api/api.go:365.3,366.9 2 0
github.com/ismail118/simple-bank/api/api.go:361.33,364.4 2 0
github.com/ismail118/simple-bank/api/api.go:371.90,375.3 3 0
github.com/ismail118/simple-bank/api/api.go:383.16,386.3 2 0
github.com/ismail118/simple-bank/api/api.go:398.45,401.16 3 0
github.com/ismail118/simple-bank/api/api.go:406.2,407.16 2 0
github.com/ismail118/simple-bank/api/api.go:415.2,415.39 1 0
github.com/ismail118/simple-bank/api/api.go:420.2,421.16 2 0
github.com/ismail118/simple-bank/api/api.go:429.2,429.39 1 0
github.com/ismail118/simple-bank/api/api.go:435.2,436.44 2 0
github.com/ismail118/simple-bank/api/api.go:442.2,448.16 3 0
github.com/ismail118/simple-bank/api/api.go:453.2,453.36 1 0
github.com/ismail118/simple-bank/api/api.go:401.16,404.3 2 0
github.com/ismail118/simple-bank/api/api.go:407.16,408.33 1 0
github.com/ismail118/simple-bank/api/api.go:412.3,413.9 2 0
github.com/ismail118/simple-bank/api/api.go:408.33,411.4 2 0
github.com/ismail118/simple-bank/api/api.go:415.39,418.3 2 0
github.com/ismail118/simple-bank/api/api.go:421.16,422.33 1 0
github.com/ismail118/simple-bank/api/api.go:426.3,427.9 2 0
github.com/ismail118/simple-bank/api/api.go:422.33,425.4 2 0
github.com/ismail118/simple-bank/api/api.go:429.39,432.3 2 0
github.com/ismail118/simple-bank/api/api.go:436.44,440.3 3 0
github.com/ismail118/simple-bank/api/api.go:448.16,451.3 2 0
github.com/ismail118/simple-bank/api/api.go:463.47,466.16 3 0
github.com/ismail118/simple-bank/api/api.go:471.2,472.16 2 0
github.com/ismail118/simple-bank/api/api.go:476.2,484.16 3 0
github.com/ismail118/simple-bank/api/api.go:493.2,494.16 2 0
github.com/ismail118/simple-bank/api/api.go:503.2,504.16 2 0
github.com/ismail118/simple-bank/api/api.go:514.2,515.16 2 0
github.com/ismail118/simple-bank/api/api.go:524.2,524.34 1 0
github.com/ismail118/simple-bank/api/api.go:466.16,469.3 2 0
github.com/ismail118/simple-bank/api/api.go:472.16,475.3 2 0
github.com/ismail118/simple-bank/api/api.go:484.16,485.33 1 0
github.com/ismail118/simple-bank/api/api.go:489.3,490.9 2 0
github.com/ismail118/simple-bank/api/api.go:485.33,488.4 2 0
github.com/ismail118/simple-bank/api/api.go:494.16,495.33 1 0
github.com/ismail118/simple-bank/api/api.go:499.3,500.9 2 0
github.com/ismail118/simple-bank/api/api.go:495.33,498.4 2 0
github.com/ismail118/simple-bank/api/api.go:504.16,506.89 2 0
github.com/ismail118/simple-bank/api/api.go:510.3,511.9 2 0
github.com/ismail118/simple-bank/api/api.go:506.89,509.4 2 0
github.com/ismail118/simple-bank/api/api.go:515.16,516.33 1 0
github.com/ismail118/simple-bank/api/api.go:520.3,521.9 2 0
github.com/ismail118/simple-bank/api/api.go:516.33,519.4 2 0
github.com/ismail118/simple-bank/api/api.go:531.45,535.16 3 0
github.com/ismail118/simple-bank/api/api.go:540.2,541.16 2 0
github.com/ismail118/simple-bank/api/api.go:551.2,552.39 2 0
github.com/ismail118/simple-bank/api/api.go:558.2,558.37 1 0
github.com/ismail118/simple-bank/api/api.go:535.16,538.3 2 0
github.com/ismail118/simple-bank/api/api.go:541.16,542.33 1 0
github.com/ismail118/simple-bank/api/api.go:546.3,547.9 2 0
github.com/ismail118/simple-bank/api/api.go:542.33,545.4 2 0
github.com/ismail118/simple-bank/api/api.go:552.39,556.3 3 0
github.com/ismail118/simple-bank/api/api.go:561.46,565.16 3 0
github.com/ismail118/simple-bank/api/api.go:570.2,574.16 2 0
github.com/ismail118/simple-bank/api/api.go:579.2,579.38 1 0
github.com/ismail118/simple-bank/api/api.go:565.16,568.3 2 0
github.com/ismail118/simple-bank/api/api.go:574.16,577.3 2 0
github.com/ismail118/simple-bank/api/api.go:588.48,592.16 3 0
github.com/ismail118/simple-bank/api/api.go:597.2,598.16 2 0
github.com/ismail118/simple-bank/api/api.go:607.2,607.29 1 0
github.com/ismail118/simple-bank/api/api.go:621.2,622.39 2 0
github.com/ismail118/simple-bank/api/api.go:628.2,636.16 4 0
github.com/ismail118/simple-bank/api/api.go:646.2,646.36 1 0
github.com/ismail118/simple-bank/api/api.go:592.16,595.3 2 0
github.com/ismail118/simple-bank/api/api.go:598.16,599.33 1 0
github.com/ismail118/simple-bank/api/api.go:603.3,604.9 2 0
github.com/ismail118/simple-bank/api/api.go:599.33,602.4 2 0
github.com/ismail118/simple-bank/api/api.go:607.29,609.17 2 0
github.com/ismail118/simple-bank/api/api.go:609.17,610.34 1 0
github.com/ismail118/simple-bank/api/api.go:610.34,613.5 2 0
github.com/ismail118/simple-bank/api/api.go:614.9,617.4 2 0
github.com/ismail118/simple-bank/api/api.go:622.39,626.3 3 0
github.com/ismail118/simple-bank/api/api.go:636.16,638.44 2 0
github.com/ismail118/simple-bank/api/api.go:642.3,643.9 2 0
github.com/ismail118/simple-bank/api/api.go:638.44,641.4 2 0
github.com/ismail118/simple-bank/api/api.go:649.48,653.16 3 0
github.com/ismail118/simple-bank/api/api.go:658.2,659.16 2 0
github.com/ismail118/simple-bank/api/api.go:668.2,669.39 2 0
github.com/ismail118/simple-bank/api/api.go:675.2,676.16 2 0
github.com/ismail118/simple-bank/api/api.go:681.2,681.55 1 0
github.com/ismail118/simple-bank/api/api.go:653.16,656.3 2 0
github.com/ismail118/simple-bank/api/api.go:659.16,660.33 1 0
github.com/ismail118/simple-bank/api/api.go:664.3,665.9 2 0
github.com/ismail118/simple-bank/api/api.go:660.33,663.4 2 0
github.com/ismail118/simple-bank/api/api.go:669.39,673.3 3 0
github.com/ismail118/simple-bank/api/api.go:676.16,679.3 2 0
github.com/ismail118/simple-bank/api/api.go:698.46,702.16 3 0
github.com/ismail118/simple-bank/api/api.go:707.2,708.16 2 0
github.com/ismail118/simple-bank/api/api.go:717.2,718.16 2 0
github.com/ismail118/simple-bank/api/api.go:723.2,724.16 2 0
github.com/ismail118/simple-bank/api/api.go:729.2,730.16 2 0
github.com/ismail118/simple-bank/api/api.go:735.2,746.16 3 0
github.com/ismail118/simple-bank/api/api.go:756.2,765.37 2 0
github.com/ismail118/simple-bank/api/api.go:702.16,705.3 2 0
github.com/ismail118/simple-bank/api/api.go:708.16,709.33 1 0
github.com/ismail118/simple-bank/api/api.go:713.3,714.9 2 0
github.com/ismail118/simple-bank/api/api.go:709.33,712.4 2 0
github.com/ismail118/simple-bank/api/api.go:718.16,721.3 2 0
github.com/ismail118/simple-bank/api/api.go:724.16,727.3 2 0
github.com/ismail118/simple-bank/api/api.go:730.16,733.3 2 0
github.com/ismail118/simple-bank/api/api.go:746.16,748.89 2 0
github.com/ismail118/simple-bank/api/api.go:752.3,753.9 2 0
github.com/ismail118/simple-bank/api/api.go:748.89,751.4 2 0
github.com/ismail118/simple-bank/api/api.go:777.53,781.16 3 0
github.com/ismail118/simple-bank/api/api.go:786.2,787.16 2 0
github.com/ismail118/simple-bank/api/api.go:792.2,793.16 2 0
github.com/ismail118/simple-bank/api/api.go:797.2,797.32 1 0
github.com/ismail118/simple-bank/api/api.go:803.2,803.23 1 0
github.com/ismail118/simple-bank/api/api.go:809.2,809.49 1 0
github.com/ismail118/simple-bank/api/api.go:815.2,815.46 1 0
github.com/ismail118/simple-bank/api/api.go:821.2,821.41 1 0
github.com/ismail118/simple-bank/api/api.go:827.2,828.16 2 0
github.com/ismail118/simple-bank/api/api.go:833.2,838.37 2 0
github.com/ismail118/simple-bank/api/api.go:781.16,784.3 2 0
github.com/ismail118/simple-bank/api/api.go:787.16,790.3 2 0
github.com/ismail118/simple-bank/api/api.go:793.16,796.3 2 0
github.com/ismail118/simple-bank/api/api.go:797.32,801.3 3 0
github.com/ismail118/simple-bank/api/api.go:803.23,807.3 3 0
github.com/ismail118/simple-bank/api/api.go:809.49,813.3 3 0
github.com/ismail118/simple-bank/api/api.go:815.46,819.3 3 0
github.com/ismail118/simple-bank/api/api.go:821.41,825.3 3 0
github.com/ismail118/simple-bank/api/api.go:828.16,831.3 2 0
github.com/ismail118/simple-bank/api/grpc.go:39.15,49.2 2 0
github.com/ismail118/simple-bank/api/grpc.go:51.113,54.23 2 0
github.com/ismail118/simple-bank/api/grpc.go:58.2,59.16 2 0
github.com/ismail118/simple-bank/api/grpc.go:62.2,69.79 2 0
github.com/ismail118/simple-bank/api/grpc.go:89.2,89.16 1 0
github.com/ismail118/simple-bank/api/grpc.go:97.2,99.8 1 0
github.com/ismail118/simple-bank/api/grpc.go:54.23,56.3 1 0
github.com/ismail118/simple-bank/api/grpc.go:59.16,61.3 1 0
github.com/ismail118/simple-bank/api/grpc.go:69.79,83.17 4 0
github.com/ismail118/simple-bank/api/grpc.go:87.3,87.13 1 0
github.com/ismail118/simple-bank/api/grpc.go:83.17,85.4 1 0
github.com/ismail118/simple-bank/api/grpc.go:89.16,90.62 1 0
github.com/ismail118/simple-bank/api/grpc.go:94.3,94.81 1 0
github.com/ismail118/simple-bank/api/grpc.go:90.62,92.4 1 0
github.com/ismail118/simple-bank/api/grpc.go:102.113,106.16 2 0
github.com/ismail118/simple-bank/api/grpc.go:110.2,111.23 2 0
github.com/ismail118/simple-bank/api/grpc.go:115.2,116.16 2 0
github.com/ismail118/simple-bank/api/grpc.go:124.2,124.43 1 0
github.com/ismail118/simple-bank/api/grpc.go:128.2,128.34 1 0
github.com/ismail118/simple-bank/api/grpc.go:140.2,148.16 4 0
github.com/ismail118/simple-bank/api/grpc.go:156.2,158.8 1 0
github.com/ismail118/simple-bank/api/grpc.go:106.16,108.3 1 0
github.com/ismail118/simple-bank/api/grpc.go:111.23,113.3 1 0
github.com/ismail118/simple-bank/api/grpc.go:116.16,117.33 1 0
github.com/ismail118/simple-bank/api/grpc.go:120.3,120.59 1 0
github.com/ismail118/simple-bank/api/grpc.go:117.33,119.4 1 0
github.com/ismail118/simple-bank/api/grpc.go:124.43,126.3 1 0
github.com/ismail118/simple-bank/api/grpc.go:128.34,130.17 2 0
github.com/ismail118/simple-bank/api/grpc.go:130.17,131.34 1 0
github.com/ismail118/simple-bank/api/grpc.go:131.34,133.5 1 0
github.com/ismail118/simple-bank/api/grpc.go:134.9,136.4 1 0
github.com/ismail118/simple-bank/api/grpc.go:148.16,150.46 2 0
github.com/ismail118/simple-bank/api/grpc.go:153.3,153.59 1 0
github.com/ismail118/simple-bank/api/grpc.go:150.46,152.4 1 0
github.com/ismail118/simple-bank/api/grpc.go:161.98,164.23 2 0
github.com/ismail118/simple-bank/api/grpc.go:168.2,169.16 2 0
github.com/ismail118/simple-bank/api/grpc.go:177.2,178.16 2 0
github.com/ismail118/simple-bank/api/grpc.go:183.2,184.16 2 0
github.com/ismail118/simple-bank/api/grpc.go:188.2,189.16 2 0
github.com/ismail118/simple-bank/api/grpc.go:193.2,206.16 4 0
github.com/ismail118/simple-bank/api/grpc.go:210.2,217.8 1 0
github.com/ismail118/simple-bank/api/grpc.go:164.23,166.3 1 0
github.com/ismail118/simple-bank/api/grpc.go:169.16,170.33 1 0
github.com/ismail118/simple-bank/api/grpc.go:174.3,174.55 1 0
github.com/ismail118/simple-bank/api/grpc.go:170.33,173.4 2 0
github.com/ismail118/simple-bank/api/grpc.go:178.16,181.3 2 0
github.com/ismail118/simple-bank/api/grpc.go:184.16,186.3 1 0
github.com/ismail118/simple-bank/api/grpc.go:189.16,191.3 1 0
github.com/ismail118/simple-bank/api/grpc.go:206.16,208.3 1 0
github.com/ismail118/simple-bank/api/grpc.go:220.116,223.23 2 0
github.com/ismail118/simple-bank/api/grpc.go:227.2,228.16 2 0
github.com/ismail118/simple-bank/api/grpc.go:232.2,234.8 1 0
github.com/ismail118/simple-bank/api/grpc.go:223.23,225.3 1 0
github.com/ismail118/simple-bank/api/grpc.go:228.16,230.3 1 0
github.com/ismail118/simple-bank/api/grpc.go:237.99,240.16 3 0
github.com/ismail118/simple-bank/api/grpc.go:244.2,245.16 2 0
github.com/ismail118/simple-bank/api/grpc.go:249.2,250.16 2 0
github.com/ismail118/simple-bank/api/grpc.go:254.2,255.16 2 0
github.com/ismail118/simple-bank/api/grpc.go:259.2,259.18 1 0
github.com/ismail118/simple-bank/api/grpc.go:240.16,242.3 1 0
github.com/ismail118/simple-bank/api/grpc.go:245.16,247.3 1 0
github.com/ismail118/simple-bank/api/grpc.go:250.16,252.3 1 0
github.com/ismail118/simple-bank/api/grpc.go:255.16,257.3 1 0
github.com/ismail118/simple-bank/api/grpc.go:262.89,265.16 3 0
github.com/ismail118/simple-bank/api/grpc.go:269.2,270.16 2 0
github.com/ismail118/simple-bank/api/grpc.go:274.2,274.18 1 0
github.com/ismail118/simple-bank/api/grpc.go:265.16,267.3 1 0
github.com/ismail118/simple-bank/api/grpc.go:270.16,272.3 1 0
github.com/ismail118/simple-bank/api/grpc.go:277.99,280.16 3 0
github.com/ismail118/simple-bank/api/grpc.go:284.2,285.16 2 0
github.com/ismail118/simple-bank/api/grpc.go:289.2,290.16 2 0
github.com/ismail118/simple-bank/api/grpc.go:294.2,294.18 1 0
github.com/ismail118/simple-bank/api/grpc.go:280.16,282.3 1 0
github.com/ismail118/simple-bank/api/grpc.go:285.16,287.3 1 0
github.com/ismail118/simple-bank/api/grpc.go:290.16,292.3 1 0
github.com/ismail118/simple-bank/api/grpc.go:297.101,300.16 3 0
github.com/ismail118/simple-bank/api/grpc.go:304.2,305.16 2 0
github.com/ismail118/simple-bank/api/grpc.go:309.2,309.18 1 0
github.com/ismail118/simple-bank/api/grpc.go:300.16,302.3 1 0
github.com/ismail118/simple-bank/api/grpc.go:305.16,307.3 1 0
github.com/ismail118/simple-bank/api/grpc_authorization.go:16.81,18.9 2 0
github.com/ismail118/simple-bank/api/grpc_authorization.go:22.2,23.22 2 0
github.com/ismail118/simple-bank/api/grpc_authorization.go:27.2,29.21 3 0
github.com/ismail118/simple-bank/api/grpc_authorization.go:33.2,34.37 2 0
github.com/ismail118/simple-bank/api/grpc_authorization.go:38.2,40.16 3 0
github.com/ismail118/simple-bank/api/grpc_authorization.go:44.2,44.21 1 0
github.com/ismail118/simple-bank/api/grpc_authorization.go:18.9,20.3 1 0
github.com/ismail118/simple-bank/api/grpc_authorization.go:23.22,25.3 1 0
github.com/ismail118/simple-bank/api/grpc_authorization.go:29.21,31.3 1 0
github.com/ismail118/simple-bank/api/grpc_authorization.go:34.37,36.3 1 0
github.com/ismail118/simple-bank/api/grpc_authorization.go:40.16,42.3 1 0
github.com/ismail118/simple-bank/repository/error.go:249.34,252.28 2 0
github.com/ismail118/simple-bank/repository/error.go:256.2,256.11 1 0
github.com/ismail118/simple-bank/repository/error.go:252.28,254.3 1 0
github.com/ismail118/simple-bank/repository/store_mock.go:16.47,21.2 1 0
github.com/ismail118/simple-bank/repository/store_mock.go:23.85,25.2 1 0
github.com/ismail118/simple-bank/repository/store_mock.go:27.103,30.2 2 0
github.com/ismail118/simple-bank/repository/store_mock.go:32.147,36.16 3 0
github.com/ismail118/simple-bank/repository/store_mock.go:39.2,39.20 1 0
github.com/ismail118/simple-bank/repository/store_mock.go:36.16,38.3 1 0
github.com/ismail118/simple-bank/repository/store_mock.go:42.117,44.13 2 0
github.com/ismail118/simple-bank/repository/store_mock.go:66.2,66.20 1 0
github.com/ismail118/simple-bank/repository/store_mock.go:44.13,65.3 1 0
github.com/ismail118/simple-bank/repository/tx_create_user.go:12.143,15.51 2 0
github.com/ismail118/simple-bank/repository/tx_create_user.go:30.2,30.16 1 0
github.com/ismail118/simple-bank/repository/tx_create_user.go:34.2,34.20 1 0
github.com/ismail118/simple-bank/repository/tx_create_user.go:15.51,17.17 2 0
github.com/ismail118/simple-bank/repository/tx_create_user.go:21.3,22.17 2 0
github.com/ismail118/simple-bank/repository/tx_create_user.go:26.3,28.13 2 0
github.com/ismail118/simple-bank/repository/tx_create_user.go:17.17,19.4 1 0
github.com/ismail118/simple-bank/repository/tx_create_user.go:22.17,24.4 1 0
github.com/ismail118/simple-bank/repository/tx_create_user.go:30.16,32.3 1 0
github.com/ismail118/simple-bank/repository/tx_transfer.go:16.99,19.51 2 1
github.com/ismail118/simple-bank/repository/tx_transfer.go:74.2,74.16 1 1
github.com/ismail118/simple-bank/repository/tx_transfer.go:78.2,78.20 1 0
github.com/ismail118/simple-bank/repository/tx_transfer.go:19.51,21.17 2 0
github.com/ismail118/simple-bank/repository/tx_transfer.go:24.3,33.17 5 0
github.com/ismail118/simple-bank/repository/tx_transfer.go:36.3,45.17 5 0
github.com/ismail118/simple-bank/repository/tx_transfer.go:48.3,52.42 3 0
github.com/ismail118/simple-bank/repository/tx_transfer.go:72.3,72.13 1 0
github.com/ismail118/simple-bank/repository/tx_transfer.go:21.17,23.4 1 0
github.com/ismail118/simple-bank/repository/tx_transfer.go:33.17,35.4 1 0
github.com/ismail118/simple-bank/repository/tx_transfer.go:45.17,47.4 1 0
github.com/ismail118/simple-bank/repository/tx_transfer.go:52.42,54.18 2 0
github.com/ismail118/simple-bank/repository/tx_transfer.go:57.4,58.18 2 0
github.com/ismail118/simple-bank/repository/tx_transfer.go:54.18,56.5 1 0
github.com/ismail118/simple-bank/repository/tx_transfer.go:58.18,60.5 1 0
github.com/ismail118/simple-bank/repository/tx_transfer.go:61.9,63.18 2 0
github.com/ismail118/simple-bank/repository/tx_transfer.go:66.4,67.18 2 0
github.com/ismail118/simple-bank/repository/tx_transfer.go:63.18,65.5 1 0
github.com/ismail118/simple-bank/repository/tx_transfer.go:67.18,69.5 1 0
github.com/ismail118/simple-bank/repository/tx_transfer.go:74.16,76.3 1 1
github.com/ismail118/simple-bank/repository/postgres_repo.go:18.46,22.2 1 1
github.com/ismail118/simple-bank/repository/postgres_repo.go:24.70,28.2 1 0
github.com/ismail118/simple-bank/repository/postgres_repo.go:31.100,48.16 5 1
github.com/ismail118/simple-bank/repository/postgres_repo.go:52.2,52.19 1 0
github.com/ismail118/simple-bank/repository/postgres_repo.go:48.16,50.3 1 1
github.com/ismail118/simple-bank/repository/postgres_repo.go:56.100,72.16 5 1
github.com/ismail118/simple-bank/repository/postgres_repo.go:76.2,76.15 1 0
github.com/ismail118/simple-bank/repository/postgres_repo.go:72.16,74.3 1 1
github.com/ismail118/simple-bank/repository/postgres_repo.go:79.128,94.16 5 0
github.com/ismail118/simple-bank/repository/postgres_repo.go:98.2,98.15 1 0
github.com/ismail118/simple-bank/repository/postgres_repo.go:94.16,96.3 1 0
github.com/ismail118/simple-bank/repository/postgres_repo.go:102.127,114.16 4 1
github.com/ismail118/simple-bank/repository/postgres_repo.go:117.2,119.18 2 0
github.com/ismail118/simple-bank/repository/postgres_repo.go:134.2,135.16 2 0
github.com/ismail118/simple-bank/repository/postgres_repo.go:139.2,139.19 1 0
github.com/ismail118/simple-bank/repository/postgres_repo.go:114.16,116.3 1 1
github.com/ismail118/simple-bank/repository/postgres_repo.go:119.18,128.17 3 0
github.com/ismail118/simple-bank/repository/postgres_repo.go:131.3,131.28 1 0
github.com/ismail118/simple-bank/repository/postgres_repo.go:128.17,130.4 1 0
github.com/ismail118/simple-bank/repository/postgres_repo.go:135.16,137.3 1 0
github.com/ismail118/simple-bank/repository/postgres_repo.go:143.91,149.16 3 1
github.com/ismail118/simple-bank/repository/postgres_repo.go:153.2,153.12 1 0
github.com/ismail118/simple-bank/repository/postgres_repo.go:149.16,151.3 1 1
github.com/ismail118/simple-bank/repository/postgres_repo.go:157.81,162.16 3 1
github.com/ismail118/simple-bank/repository/postgres_repo.go:166.2,166.12 1 0
github.com/ismail118/simple-bank/repository/postgres_repo.go:162.16,164.3 1 1
github.com/ismail118/simple-bank/repository/postgres_repo.go:170.96,184.16 5 1
github.com/ismail118/simple-bank/repository/postgres_repo.go:188.2,188.19 1 0
github.com/ismail118/simple-bank/repository/postgres_repo.go:184.16,186.3 1 1
github.com/ismail118/simple-bank/repository/postgres_repo.go:192.96,207.16 5 1
github.com/ismail118/simple-bank/repository/postgres_repo.go:211.2,211.15 1 0
github.com/ismail118/simple-bank/repository/postgres_repo.go:207.16,209.3 1 1
github.com/ismail118/simple-bank/repository/postgres_repo.go:215.127,226.16 4 1
github.com/ismail118/simple-bank/repository/postgres_repo.go:229.2,231.18 2 0
github.com/ismail118/simple-bank/repository/postgres_repo.go:245.2,246.16 2 0
github.com/ismail118/simple-bank/repository/postgres_repo.go:250.2,250.19 1 0
github.com/ismail118/simple-bank/repository/postgres_repo.go:226.16,228.3 1 1
github.com/ismail118/simple-bank/repository/postgres_repo.go:231.18,239.17 3 0
github.com/ismail118/simple-bank/repository/postgres_repo.go:242.3,242.28 1 0
github.com/ismail118/simple-bank/repository/postgres_repo.go:239.17,241.4 1 0
github.com/ismail118/simple-bank/repository/postgres_repo.go:246.16,248.3 1 0
github.com/ismail118/simple-bank/repository/postgres_repo.go:254.102,269.16 5 1
github.com/ismail118/simple-bank/repository/postgres_repo.go:273.2,273.19 1 0
github.com/ismail118/simple-bank/repository/postgres_repo.go:269.16,271.3 1 1
github.com/ismail118/simple-bank/repository/postgres_repo.go:277.102,292.16 5 1
github.com/ismail118/simple-bank/repository/postgres_repo.go:296.2,296.15 1 0
github.com/ismail118/simple-bank/repository/postgres_repo.go:292.16,294.3 1 1
github.com/ismail118/simple-bank/repository/postgres_repo.go:300.149,311.16 4 1
github.com/ismail118/simple-bank/repository/postgres_repo.go:314.2,316.18 2 0
github.com/ismail118/simple-bank/repository/postgres_repo.go:331.2,332.16 2 0
github.com/ismail118/simple-bank/repository/postgres_repo.go:336.2,336.19 1 0
github.com/ismail118/simple-bank/repository/postgres_repo.go:311.16,313.3 1 1
github.com/ismail118/simple-bank/repository/postgres_repo.go:316.18,325.17 3 0
github.com/ismail118/simple-bank/repository/postgres_repo.go:328.3,328.28 1 0
github.com/ismail118/simple-bank/repository/postgres_repo.go:325.17,327.4 1 0
github.com/ismail118/simple-bank/repository/postgres_repo.go:332.16,334.3 1 0
github.com/ismail118/simple-bank/repository/postgres_repo.go:340.109,356.16 5 1
github.com/ismail118/simple-bank/repository/postgres_repo.go:360.2,360.15 1 0
github.com/ismail118/simple-bank/repository/postgres_repo.go:356.16,358.3 1 1
github.com/ismail118/simple-bank/repository/postgres_repo.go:365.115,381.16 5 0
github.com/ismail118/simple-bank/repository/postgres_repo.go:385.2,385.15 1 0
github.com/ismail118/simple-bank/repository/postgres_repo.go:381.16,383.3 1 0
github.com/ismail118/simple-bank/repository/postgres_repo.go:388.87,402.16 3 1
github.com/ismail118/simple-bank/repository/postgres_repo.go:406.2,406.12 1 0
github.com/ismail118/simple-bank/repository/postgres_repo.go:402.16,404.3 1 1
github.com/ismail118/simple-bank/repository/postgres_repo.go:409.109,425.16 5 1
github.com/ismail118/simple-bank/repository/postgres_repo.go:429.2,429.15 1 0
github.com/ismail118/simple-bank/repository/postgres_repo.go:425.16,427.3 1 1
github.com/ismail118/simple-bank/repository/postgres_repo.go:432.103,448.16 5 1
github.com/ismail118/simple-bank/repository/postgres_repo.go:452.2,452.15 1 0
github.com/ismail118/simple-bank/repository/postgres_repo.go:448.16,450.3 1 1
github.com/ismail118/simple-bank/repository/postgres_repo.go:455.108,461.16 4 1
github.com/ismail118/simple-bank/repository/postgres_repo.go:465.2,465.18 1 0
github.com/ismail118/simple-bank/repository/postgres_repo.go:482.2,483.16 2 0
github.com/ismail118/simple-bank/repository/postgres_repo.go:487.2,487.19 1 0
github.com/ismail118/simple-bank/repository/postgres_repo.go:461.16,463.3 1 1
github.com/ismail118/simple-bank/repository/postgres_repo.go:465.18,476.17 3 0
github.com/ismail118/simple-bank/repository/postgres_repo.go:479.3,479.28 1 0
github.com/ismail118/simple-bank/repository/postgres_repo.go:476.17,478.4 1 0
github.com/ismail118/simple-bank/repository/postgres_repo.go:483.16,485.3 1 0
github.com/ismail118/simple-bank/repository/postgres_repo.go:498.90,517.16 3 1
github.com/ismail118/simple-bank/repository/postgres_repo.go:521.2,521.12 1 0
github.com/ismail118/simple-bank/repository/postgres_repo.go:517.16,519.3 1 1
github.com/ismail118/simple-bank/repository/postgres_repo.go:524.86,529.16 3 1
github.com/ismail118/simple-bank/repository/postgres_repo.go:533.2,533.12 1 0
github.com/ismail118/simple-bank/repository/postgres_repo.go:529.16,531.3 1 1
github.com/ismail118/simple-bank/repository/postgres_repo.go:536.93,551.16 3 0
github.com/ismail118/simple-bank/repository/postgres_repo.go:555.2,555.12 1 0
github.com/ismail118/simple-bank/repository/postgres_repo.go:551.16,553.3 1 0
github.com/ismail118/simple-bank/repository/postgres_repo.go:558.106,576.16 5 0
github.com/ismail118/simple-bank/repository/postgres_repo.go:580.2,580.15 1 0
github.com/ismail118/simple-bank/repository/postgres_repo.go:576.16,578.3 1 0
github.com/ismail118/simple-bank/repository/postgres_repo.go:583.108,600.16 5 0
github.com/ismail118/simple-bank/repository/postgres_repo.go:604.2,604.16 1 0
github.com/ismail118/simple-bank/repository/postgres_repo.go:600.16,602.3 1 0
github.com/ismail118/simple-bank/repository/postgres_repo.go:607.108,624.16 5 0
github.com/ismail118/simple-bank/repository/postgres_repo.go:628.2,628.15 1 0
github.com/ismail118/simple-bank/repository/postgres_repo.go:624.16,626.3 1 0
github.com/ismail118/simple-bank/repository/postgres_repo.go:632.110,641.16 3 0
github.com/ismail118/simple-bank/repository/postgres_repo.go:645.2,645.29 1 0
github.com/ismail118/simple-bank/repository/postgres_repo.go:648.2,648.12 1 0
github.com/ismail118/simple-bank/repository/postgres_repo.go:641.16,643.3 1 0
github.com/ismail118/simple-bank/repository/postgres_repo.go:645.29,647.3 1 0
github.com/ismail118/simple-bank/repository/postgres_repo_mock.go:17.50,21.2 1 0
github.com/ismail118/simple-bank/repository/postgres_repo_mock.go:23.74,27.2 1 0
github.com/ismail118/simple-bank/repository/postgres_repo_mock.go:30.104,32.34 2 0
github.com/ismail118/simple-bank/repository/postgres_repo_mock.go:35.2,35.19 1 0
github.com/ismail118/simple-bank/repository/postgres_repo_mock.go:32.34,34.3 1 0
github.com/ismail118/simple-bank/repository/postgres_repo_mock.go:39.104,41.24 2 0
github.com/ismail118/simple-bank/repository/postgres_repo_mock.go:50.2,50.15 1 0
github.com/ismail118/simple-bank/repository/postgres_repo_mock.go:53.2,53.15 1 0
github.com/ismail118/simple-bank/repository/postgres_repo_mock.go:41.24,49.3 1 0
github.com/ismail118/simple-bank/repository/postgres_repo_mock.go:50.15,52.3 1 0
github.com/ismail118/simple-bank/repository/postgres_repo_mock.go:56.135,59.2 2 0
github.com/ismail118/simple-bank/repository/postgres_repo_mock.go:62.131,64.19 2 0
github.com/ismail118/simple-bank/repository/postgres_repo_mock.go:67.2,67.19 1 0
github.com/ismail118/simple-bank/repository/postgres_repo_mock.go:64.19,66.3 1 0
github.com/ismail118/simple-bank/repository/postgres_repo_mock.go:71.95,72.17 1 0
github.com/ismail118/simple-bank/repository/postgres_repo_mock.go:75.2,75.12 1 0
github.com/ismail118/simple-bank/repository/postgres_repo_mock.go:72.17,74.3 1 0
github.com/ismail118/simple-bank/repository/postgres_repo_mock.go:79.85,80.13 1 0
github.com/ismail118/simple-bank/repository/postgres_repo_mock.go:83.2,83.12 1 0
github.com/ismail118/simple-bank/repository/postgres_repo_mock.go:80.13,82.3 1 0
github.com/ismail118/simple-bank/repository/postgres_repo_mock.go:87.100,90.2 2 0
github.com/ismail118/simple-bank/repository/postgres_repo_mock.go:93.100,95.13 2 0
github.com/ismail118/simple-bank/repository/postgres_repo_mock.go:103.2,103.15 1 0
github.com/ismail118/simple-bank/repository/postgres_repo_mock.go:106.2,106.15 1 0
github.com/ismail118/simple-bank/repository/postgres_repo_mock.go:95.13,102.3 1 0
github.com/ismail118/simple-bank/repository/postgres_repo_mock.go:103.15,105.3 1 0
github.com/ismail118/simple-bank/repository/postgres_repo_mock.go:110.131,112.19 2 0
github.com/ismail118/simple-bank/repository/postgres_repo_mock.go:115.2,115.19 1 0
github.com/ismail118/simple-bank/repository/postgres_repo_mock.go:112.19,114.3 1 0
github.com/ismail118/simple-bank/repository/postgres_repo_mock.go:119.106,122.2 2 0
github.com/ismail118/simple-bank/repository/postgres_repo_mock.go:125.106,127.13 2 0
github.com/ismail118/simple-bank/repository/postgres_repo_mock.go:136.2,136.15 1 0
github.com/ismail118/simple-bank/repository/postgres_repo_mock.go:139.2,139.15 1 0
github.com/ismail118/simple-bank/repository/postgres_repo_mock.go:127.13,135.3 1 0
github.com/ismail118/simple-bank/repository/postgres_repo_mock.go:136.15,138.3 1 0
github.com/ismail118/simple-bank/repository/postgres_repo_mock.go:143.153,145.19 2 0
github.com/ismail118/simple-bank/repository/postgres_repo_mock.go:148.2,148.19 1 0
github.com/ismail118/simple-bank/repository/postgres_repo_mock.go:145.19,147.3 1 0
github.com/ismail118/simple-bank/repository/postgres_repo_mock.go:152.113,155.2 2 0
github.com/ismail118/simple-bank/repository/postgres_repo_mock.go:159.119,162.2 2 0
github.com/ismail118/simple-bank/repository/postgres_repo_mock.go:164.91,166.2 1 0
github.com/ismail118/simple-bank/repository/postgres_repo_mock.go:168.113,178.47 3 0
github.com/ismail118/simple-bank/repository/postgres_repo_mock.go:181.2,181.15 1 0
github.com/ismail118/simple-bank/repository/postgres_repo_mock.go:178.47,180.3 1 0
github.com/ismail118/simple-bank/repository/postgres_repo_mock.go:184.107,193.36 2 0
github.com/ismail118/simple-bank/repository/postgres_repo_mock.go:196.2,196.15 1 0
github.com/ismail118/simple-bank/repository/postgres_repo_mock.go:193.36,195.3 1 0
github.com/ismail118/simple-bank/repository/postgres_repo_mock.go:199.112,201.19 2 0
github.com/ismail118/simple-bank/repository/postgres_repo_mock.go:204.2,204.19 1 0
github.com/ismail118/simple-bank/repository/postgres_repo_mock.go:201.19,203.3 1 0
github.com/ismail118/simple-bank/repository/postgres_repo_mock.go:207.94,208.29 1 0
github.com/ismail118/simple-bank/repository/postgres_repo_mock.go:211.2,211.12 1 0
github.com/ismail118/simple-bank/repository/postgres_repo_mock.go:208.29,210.3 1 0
github.com/ismail118/simple-bank/repository/postgres_repo_mock.go:214.90,216.2 1 0
github.com/ismail118/simple-bank/repository/postgres_repo_mock.go:218.97,220.2 1 0
github.com/ismail118/simple-bank/repository/postgres_repo_mock.go:222.110,226.2 2 0
github.com/ismail118/simple-bank/repository/postgres_repo_mock.go:228.112,231.2 2 0
github.com/ismail118/simple-bank/repository/postgres_repo_mock.go:233.112,236.2 2 0
github.com/ismail118/simple-bank/repository/postgres_repo_mock.go:238.114,240.2 1 0
github.com/ismail118/simple-bank/repository/repository_mock.go:28.55,32.2 3 0
github.com/ismail118/simple-bank/repository/repository_mock.go:35.53,37.2 1 0
github.com/ismail118/simple-bank/repository/repository_mock.go:40.107,46.2 5 0
github.com/ismail118/simple-bank/repository/repository_mock.go:49.99,52.2 2 0
github.com/ismail118/simple-bank/repository/repository_mock.go:55.134,61.2 5 0
github.com/ismail118/simple-bank/repository/repository_mock.go:64.90,67.2 2 0
github.com/ismail118/simple-bank/repository/repository_mock.go:70.75,75.2 4 0
github.com/ismail118/simple-bank/repository/repository_mock.go:78.85,81.2 2 0
github.com/ismail118/simple-bank/repository/repository_mock.go:84.74,89.2 4 0
github.com/ismail118/simple-bank/repository/repository_mock.go:92.83,95.2 2 0
github.com/ismail118/simple-bank/repository/repository_mock.go:98.94,104.2 5 0
github.com/ismail118/simple-bank/repository/repository_mock.go:107.86,110.2 2 0
github.com/ismail118/simple-bank/repository/repository_mock.go:113.103,119.2 5 0
github.com/ismail118/simple-bank/repository/repository_mock.go:122.95,125.2 2 0
github.com/ismail118/simple-bank/repository/repository_mock.go:128.115,134.2 5 0
github.com/ismail118/simple-bank/repository/repository_mock.go:137.106,140.2 2 0
github.com/ismail118/simple-bank/repository/repository_mock.go:143.90,149.2 5 0
github.com/ismail118/simple-bank/repository/repository_mock.go:152.84,155.2 2 0
github.com/ismail118/simple-bank/repository/repository_mock.go:158.115,164.2 5 0
github.com/ismail118/simple-bank/repository/repository_mock.go:167.99,170.2 2 0
github.com/ismail118/simple-bank/repository/repository_mock.go:173.111,179.2 5 0
github.com/ismail118/simple-bank/repository/repository_mock.go:182.98,185.2 2 0
github.com/ismail118/simple-bank/repository/repository_mock.go:188.122,194.2 5 0
github.com/ismail118/simple-bank/repository/repository_mock.go:197.106,200.2 2 0
github.com/ismail118/simple-bank/repository/repository_mock.go:203.97,209.2 5 0
github.com/ismail118/simple-bank/repository/repository_mock.go:212.90,215.2 2 0
github.com/ismail118/simple-bank/repository/repository_mock.go:218.100,224.2 5 0
github.com/ismail118/simple-bank/repository/repository_mock.go:227.87,230.2 2 0
github.com/ismail118/simple-bank/repository/repository_mock.go:233.96,239.2 5 0
github.com/ismail118/simple-bank/repository/repository_mock.go:242.87,245.2 2 0
github.com/ismail118/simple-bank/repository/repository_mock.go:248.94,254.2 5 0
github.com/ismail118/simple-bank/repository/repository_mock.go:257.87,260.2 2 0
github.com/ismail118/simple-bank/repository/repository_mock.go:263.97,269.2 5 0
github.com/ismail118/simple-bank/repository/repository_mock.go:272.90,275.2 2 0
github.com/ismail118/simple-bank/repository/repository_mock.go:278.102,284.2 5 0
github.com/ismail118/simple-bank/repository/repository_mock.go:287.90,290.2 2 0
github.com/ismail118/simple-bank/repository/repository_mock.go:293.93,299.2 5 0
github.com/ismail118/simple-bank/repository/repository_mock.go:302.85,305.2 2 0
github.com/ismail118/simple-bank/repository/repository_mock.go:308.89,314.2 5 0
github.com/ismail118/simple-bank/repository/repository_mock.go:317.83,320.2 2 0
github.com/ismail118/simple-bank/repository/repository_mock.go:323.86,328.2 4 0
github.com/ismail118/simple-bank/repository/repository_mock.go:331.86,334.2 2 0
github.com/ismail118/simple-bank/repository/repository_mock.go:337.95,343.2 5 0
github.com/ismail118/simple-bank/repository/repository_mock.go:346.86,349.2 2 0
github.com/ismail118/simple-bank/repository/repository_mock.go:352.80,357.2 4 0
github.com/ismail118/simple-bank/repository/repository_mock.go:360.83,363.2 2 0
github.com/ismail118/simple-bank/repository/repository_mock.go:366.101,372.2 5 0
github.com/ismail118/simple-bank/repository/repository_mock.go:375.89,378.2 2 0
github.com/ismail118/simple-bank/repository/repository_mock.go:381.102,387.2 5 0
github.com/ismail118/simple-bank/repository/repository_mock.go:390.82,393.2 2 0
github.com/ismail118/simple-bank/repository/repository_mock.go:396.84,401.2 4 0
github.com/ismail118/simple-bank/repository/repository_mock.go:404.85,407.2 2 0
github.com/ismail118/simple-bank/repository/repository_mock.go:410.83,415.2 4 0
github.com/ismail118/simple-bank/repository/repository_mock.go:418.83,421.2 2 0
github.com/ismail118/simple-bank/repository/repository_mock.go:424.98,429.2 4 0
github.com/ismail118/simple-bank/repository/repository_mock.go:432.101,435.2 2 0
github.com/ismail118/simple-bank/repository/repository_mock.go:438.111,444.2 5 0
github.com/ismail118/simple-bank/repository/repository_mock.go:447.91,450.2 2 0
github.com/ismail118/simple-bank/repository/repository_mock.go:453.85,458.2 4 0
github.com/ismail118/simple-bank/repository/repository_mock.go:461.78,464.2 2 0
github.com/ismail118/simple-bank/repository/repository_mock.go:478.65,482.2 3 0
github.com/ismail118/simple-bank/repository/repository_mock.go:485.63,487.2 1 0
github.com/ismail118/simple-bank/repository/repository_mock.go:490.112,496.2 5 0
github.com/ismail118/simple-bank/repository/repository_mock.go:499.104,502.2 2 0
github.com/ismail118/simple-bank/repository/repository_mock.go:505.80,510.2 4 0
github.com/ismail118/simple-bank/repository/repository_mock.go:513.90,516.2 2 0
github.com/ismail118/simple-bank/repository/repository_mock.go:519.79,524.2 4 0
github.com/ismail118/simple-bank/repository/repository_mock.go:527.88,530.2 2 0
github.com/ismail118/simple-bank/repository/repository_mock.go:533.99,539.2 5 0
github.com/ismail118/simple-bank/repository/repository_mock.go:542.91,545.2 2 0
github.com/ismail118/simple-bank/repository/repository_mock.go:548.108,554.2 5 0
github.com/ismail118/simple-bank/repository/repository_mock.go:557.100,560.2 2 0
github.com/ismail118/simple-bank/repository/repository_mock.go:563.120,569.2 5 0
github.com/ismail118/simple-bank/repository/repository_mock.go:572.111,575.2 2 0
github.com/ismail118/simple-bank/repository/repository_mock.go:578.95,584.2 5 0
github.com/ismail118/simple-bank/repository/repository_mock.go:587.89,590.2 2 0
github.com/ismail118/simple-bank/repository/repository_mock.go:593.120,599.2 5 0
github.com/ismail118/simple-bank/repository/repository_mock.go:602.104,605.2 2 0
github.com/ismail118/simple-bank/repository/repository_mock.go:608.116,614.2 5 0
github.com/ismail118/simple-bank/repository/repository_mock.go:617.103,620.2 2 0
github.com/ismail118/simple-bank/repository/repository_mock.go:623.127,629.2 5 0
github.com/ismail118/simple-bank/repository/repository_mock.go:632.111,635.2 2 0
github.com/ismail118/simple-bank/repository/repository_mock.go:638.102,644.2 5 0
github.com/ismail118/simple-bank/repository/repository_mock.go:647.95,650.2 2 0
github.com/ismail118/simple-bank/repository/repository_mock.go:653.105,659.2 5 0
github.com/ismail118/simple-bank/repository/repository_mock.go:662.92,665.2 2 0
github.com/ismail118/simple-bank/repository/repository_mock.go:668.101,674.2 5 0
github.com/ismail118/simple-bank/repository/repository_mock.go:677.92,680.2 2 0
github.com/ismail118/simple-bank/repository/repository_mock.go:683.99,689.2 5 0
github.com/ismail118/simple-bank/repository/repository_mock.go:692.92,695.2 2 0
github.com/ismail118/simple-bank/repository/repository_mock.go:698.102,704.2 5 0
github.com/ismail118/simple-bank/repository/repository_mock.go:707.95,710.2 2 0
github.com/ismail118/simple-bank/repository/repository_mock.go:713.107,719.2 5 0
github.com/ismail118/simple-bank/repository/repository_mock.go:722.95,725.2 2 0
github.com/ismail118/simple-bank/repository/repository_mock.go:728.98,734.2 5 0
github.com/ismail118/simple-bank/repository/repository_mock.go:737.90,740.2 2 0
github.com/ismail118/simple-bank/repository/repository_mock.go:743.94,749.2 5 0
github.com/ismail118/simple-bank/repository/repository_mock.go:752.88,755.2 2 0
github.com/ismail118/simple-bank/repository/repository_mock.go:758.91,763.2 4 0
github.com/ismail118/simple-bank/repository/repository_mock.go:766.91,769.2 2 0
github.com/ismail118/simple-bank/repository/repository_mock.go:772.100,778.2 5 0
github.com/ismail118/simple-bank/repository/repository_mock.go:781.91,784.2 2 0
github.com/ismail118/simple-bank/repository/repository_mock.go:787.85,792.2 4 0
github.com/ismail118/simple-bank/repository/repository_mock.go:795.88,798.2 2 0
github.com/ismail118/simple-bank/repository/repository_mock.go:801.106,807.2 5 0
github.com/ismail118/simple-bank/repository/repository_mock.go:810.94,813.2 2 0
github.com/ismail118/simple-bank/repository/repository_mock.go:816.89,821.2 4 0
github.com/ismail118/simple-bank/repository/repository_mock.go:824.90,827.2 2 0
github.com/ismail118/simple-bank/repository/repository_mock.go:830.88,835.2 4 0
github.com/ismail118/simple-bank/repository/repository_mock.go:838.88,841.2 2 0
github.com/ismail118/simple-bank/repository/repository_mock.go:844.103,849.2 4 0
github.com/ismail118/simple-bank/repository/repository_mock.go:852.106,855.2 2 0
github.com/ismail118/simple-bank/repository/store.go:23.43,28.2 1 1
github.com/ismail118/simple-bank/repository/store.go:30.81,32.16 2 1
github.com/ismail118/simple-bank/repository/store.go:36.2,38.16 3 0
github.com/ismail118/simple-bank/repository/store.go:46.2,46.23 1 0
github.com/ismail118/simple-bank/repository/store.go:32.16,34.3 1 1
github.com/ismail118/simple-bank/repository/store.go:38.16,40.19 2 0
github.com/ismail118/simple-bank/repository/store.go:43.3,43.13 1 0
github.com/ismail118/simple-bank/repository/store.go:40.19,42.4 1 0
github.com/ismail118/simple-bank/repository/tx_verify_email.go:14.113,17.51 2 0
github.com/ismail118/simple-bank/repository/tx_verify_email.go:47.2,47.16 1 0
github.com/ismail118/simple-bank/repository/tx_verify_email.go:51.2,51.20 1 0
github.com/ismail118/simple-bank/repository/tx_verify_email.go:17.51,19.17 2 0
github.com/ismail118/simple-bank/repository/tx_verify_email.go:23.3,24.17 2 0
github.com/ismail118/simple-bank/repository/tx_verify_email.go:27.3,36.17 3 0
github.com/ismail118/simple-bank/repository/tx_verify_email.go:40.3,41.17 2 0
github.com/ismail118/simple-bank/repository/tx_verify_email.go:45.3,45.13 1 0
github.com/ismail118/simple-bank/repository/tx_verify_email.go:19.17,21.4 1 0
github.com/ismail118/simple-bank/repository/tx_verify_email.go:24.17,26.4 1 0
github.com/ismail118/simple-bank/repository/tx_verify_email.go:36.17,38.4 1 0
github.com/ismail118/simple-bank/repository/tx_verify_email.go:41.17,43.4 1 0
github.com/ismail118/simple-bank/repository/tx_verify_email.go:47.16,49.3 1 0
github.com/ismail118/simple-bank/mail/sender.go:24.97,30.2 1 1
github.com/ismail118/simple-bank/mail/sender.go:32.133,41.32 8 1
github.com/ismail118/simple-bank/mail/sender.go:48.2,50.16 3 1
github.com/ismail118/simple-bank/mail/sender.go:54.2,54.12 1 1
github.com/ismail118/simple-bank/mail/sender.go:41.32,43.17 2 1
github.com/ismail118/simple-bank/mail/sender.go:43.17,45.4 1 0
github.com/ismail118/simple-bank/mail/sender.go:50.16,52.3 1 0
